<?xml version="1.0" encoding="UTF-8"?>
<testsuite xmlns:xsi="http://www.w3.org/2001/XMLSchema-instance" xsi:noNamespaceSchemaLocation="https://maven.apache.org/surefire/maven-surefire-plugin/xsd/surefire-test-report.xsd" version="3.0.2" name="com.senac.ads4.user.UserApplicationTests" time="11.158" tests="1" errors="0" skipped="0" failures="0">
  <properties>
    <property name="java.specification.version" value="23"/>
    <property name="sun.cpu.isalist" value="amd64"/>
    <property name="sun.jnu.encoding" value="Cp1252"/>
    <property name="java.class.path" value="C:\Users\Guilhermy Rodrigues\Downloads\user\target\test-classes;C:\Users\Guilhermy Rodrigues\Downloads\user\target\classes;C:\Users\Guilhermy Rodrigues\.m2\repository\org\springframework\boot\spring-boot-starter-data-jpa\3.4.0\spring-boot-starter-data-jpa-3.4.0.jar;C:\Users\Guilhermy Rodrigues\.m2\repository\org\springframework\boot\spring-boot-starter\3.4.0\spring-boot-starter-3.4.0.jar;C:\Users\Guilhermy Rodrigues\.m2\repository\org\springframework\boot\spring-boot-starter-logging\3.4.0\spring-boot-starter-logging-3.4.0.jar;C:\Users\Guilhermy Rodrigues\.m2\repository\ch\qos\logback\logback-classic\1.5.12\logback-classic-1.5.12.jar;C:\Users\Guilhermy Rodrigues\.m2\repository\ch\qos\logback\logback-core\1.5.12\logback-core-1.5.12.jar;C:\Users\Guilhermy Rodrigues\.m2\repository\org\apache\logging\log4j\log4j-to-slf4j\2.24.1\log4j-to-slf4j-2.24.1.jar;C:\Users\Guilhermy Rodrigues\.m2\repository\org\apache\logging\log4j\log4j-api\2.24.1\log4j-api-2.24.1.jar;C:\Users\Guilhermy Rodrigues\.m2\repository\org\slf4j\jul-to-slf4j\2.0.16\jul-to-slf4j-2.0.16.jar;C:\Users\Guilhermy Rodrigues\.m2\repository\jakarta\annotation\jakarta.annotation-api\2.1.1\jakarta.annotation-api-2.1.1.jar;C:\Users\Guilhermy Rodrigues\.m2\repository\org\yaml\snakeyaml\2.3\snakeyaml-2.3.jar;C:\Users\Guilhermy Rodrigues\.m2\repository\org\springframework\boot\spring-boot-starter-jdbc\3.4.0\spring-boot-starter-jdbc-3.4.0.jar;C:\Users\Guilhermy Rodrigues\.m2\repository\com\zaxxer\HikariCP\5.1.0\HikariCP-5.1.0.jar;C:\Users\Guilhermy Rodrigues\.m2\repository\org\springframework\spring-jdbc\6.2.0\spring-jdbc-6.2.0.jar;C:\Users\Guilhermy Rodrigues\.m2\repository\org\hibernate\orm\hibernate-core\6.6.2.Final\hibernate-core-6.6.2.Final.jar;C:\Users\Guilhermy Rodrigues\.m2\repository\jakarta\persistence\jakarta.persistence-api\3.1.0\jakarta.persistence-api-3.1.0.jar;C:\Users\Guilhermy Rodrigues\.m2\repository\jakarta\transaction\jakarta.transaction-api\2.0.1\jakarta.transaction-api-2.0.1.jar;C:\Users\Guilhermy Rodrigues\.m2\repository\org\jboss\logging\jboss-logging\3.6.1.Final\jboss-logging-3.6.1.Final.jar;C:\Users\Guilhermy Rodrigues\.m2\repository\org\hibernate\common\hibernate-commons-annotations\7.0.3.Final\hibernate-commons-annotations-7.0.3.Final.jar;C:\Users\Guilhermy Rodrigues\.m2\repository\io\smallrye\jandex\3.2.0\jandex-3.2.0.jar;C:\Users\Guilhermy Rodrigues\.m2\repository\com\fasterxml\classmate\1.7.0\classmate-1.7.0.jar;C:\Users\Guilhermy Rodrigues\.m2\repository\net\bytebuddy\byte-buddy\1.15.10\byte-buddy-1.15.10.jar;C:\Users\Guilhermy Rodrigues\.m2\repository\org\glassfish\jaxb\jaxb-runtime\4.0.5\jaxb-runtime-4.0.5.jar;C:\Users\Guilhermy Rodrigues\.m2\repository\org\glassfish\jaxb\jaxb-core\4.0.5\jaxb-core-4.0.5.jar;C:\Users\Guilhermy Rodrigues\.m2\repository\org\eclipse\angus\angus-activation\2.0.2\angus-activation-2.0.2.jar;C:\Users\Guilhermy Rodrigues\.m2\repository\org\glassfish\jaxb\txw2\4.0.5\txw2-4.0.5.jar;C:\Users\Guilhermy Rodrigues\.m2\repository\com\sun\istack\istack-commons-runtime\4.1.2\istack-commons-runtime-4.1.2.jar;C:\Users\Guilhermy Rodrigues\.m2\repository\jakarta\inject\jakarta.inject-api\2.0.1\jakarta.inject-api-2.0.1.jar;C:\Users\Guilhermy Rodrigues\.m2\repository\org\antlr\antlr4-runtime\4.13.0\antlr4-runtime-4.13.0.jar;C:\Users\Guilhermy Rodrigues\.m2\repository\org\springframework\data\spring-data-jpa\3.4.0\spring-data-jpa-3.4.0.jar;C:\Users\Guilhermy Rodrigues\.m2\repository\org\springframework\data\spring-data-commons\3.4.0\spring-data-commons-3.4.0.jar;C:\Users\Guilhermy Rodrigues\.m2\repository\org\springframework\spring-orm\6.2.0\spring-orm-6.2.0.jar;C:\Users\Guilhermy Rodrigues\.m2\repository\org\springframework\spring-context\6.2.0\spring-context-6.2.0.jar;C:\Users\Guilhermy Rodrigues\.m2\repository\org\springframework\spring-aop\6.2.0\spring-aop-6.2.0.jar;C:\Users\Guilhermy Rodrigues\.m2\repository\org\springframework\spring-tx\6.2.0\spring-tx-6.2.0.jar;C:\Users\Guilhermy Rodrigues\.m2\repository\org\springframework\spring-beans\6.2.0\spring-beans-6.2.0.jar;C:\Users\Guilhermy Rodrigues\.m2\repository\org\slf4j\slf4j-api\2.0.16\slf4j-api-2.0.16.jar;C:\Users\Guilhermy Rodrigues\.m2\repository\org\springframework\spring-aspects\6.2.0\spring-aspects-6.2.0.jar;C:\Users\Guilhermy Rodrigues\.m2\repository\org\aspectj\aspectjweaver\1.9.22.1\aspectjweaver-1.9.22.1.jar;C:\Users\Guilhermy Rodrigues\.m2\repository\org\springframework\boot\spring-boot-starter-web\3.4.0\spring-boot-starter-web-3.4.0.jar;C:\Users\Guilhermy Rodrigues\.m2\repository\org\springframework\boot\spring-boot-starter-json\3.4.0\spring-boot-starter-json-3.4.0.jar;C:\Users\Guilhermy Rodrigues\.m2\repository\com\fasterxml\jackson\core\jackson-databind\2.18.1\jackson-databind-2.18.1.jar;C:\Users\Guilhermy Rodrigues\.m2\repository\com\fasterxml\jackson\core\jackson-annotations\2.18.1\jackson-annotations-2.18.1.jar;C:\Users\Guilhermy Rodrigues\.m2\repository\com\fasterxml\jackson\core\jackson-core\2.18.1\jackson-core-2.18.1.jar;C:\Users\Guilhermy Rodrigues\.m2\repository\com\fasterxml\jackson\datatype\jackson-datatype-jdk8\2.18.1\jackson-datatype-jdk8-2.18.1.jar;C:\Users\Guilhermy Rodrigues\.m2\repository\com\fasterxml\jackson\datatype\jackson-datatype-jsr310\2.18.1\jackson-datatype-jsr310-2.18.1.jar;C:\Users\Guilhermy Rodrigues\.m2\repository\com\fasterxml\jackson\module\jackson-module-parameter-names\2.18.1\jackson-module-parameter-names-2.18.1.jar;C:\Users\Guilhermy Rodrigues\.m2\repository\org\springframework\boot\spring-boot-starter-tomcat\3.4.0\spring-boot-starter-tomcat-3.4.0.jar;C:\Users\Guilhermy Rodrigues\.m2\repository\org\apache\tomcat\embed\tomcat-embed-core\10.1.33\tomcat-embed-core-10.1.33.jar;C:\Users\Guilhermy Rodrigues\.m2\repository\org\apache\tomcat\embed\tomcat-embed-el\10.1.33\tomcat-embed-el-10.1.33.jar;C:\Users\Guilhermy Rodrigues\.m2\repository\org\apache\tomcat\embed\tomcat-embed-websocket\10.1.33\tomcat-embed-websocket-10.1.33.jar;C:\Users\Guilhermy Rodrigues\.m2\repository\org\springframework\spring-web\6.2.0\spring-web-6.2.0.jar;C:\Users\Guilhermy Rodrigues\.m2\repository\io\micrometer\micrometer-observation\1.14.1\micrometer-observation-1.14.1.jar;C:\Users\Guilhermy Rodrigues\.m2\repository\io\micrometer\micrometer-commons\1.14.1\micrometer-commons-1.14.1.jar;C:\Users\Guilhermy Rodrigues\.m2\repository\org\springframework\spring-webmvc\6.2.0\spring-webmvc-6.2.0.jar;C:\Users\Guilhermy Rodrigues\.m2\repository\org\springframework\spring-expression\6.2.0\spring-expression-6.2.0.jar;C:\Users\Guilhermy Rodrigues\.m2\repository\org\springframework\boot\spring-boot-devtools\3.4.0\spring-boot-devtools-3.4.0.jar;C:\Users\Guilhermy Rodrigues\.m2\repository\org\springframework\boot\spring-boot\3.4.0\spring-boot-3.4.0.jar;C:\Users\Guilhermy Rodrigues\.m2\repository\org\springframework\boot\spring-boot-autoconfigure\3.4.0\spring-boot-autoconfigure-3.4.0.jar;C:\Users\Guilhermy Rodrigues\.m2\repository\org\postgresql\postgresql\42.7.4\postgresql-42.7.4.jar;C:\Users\Guilhermy Rodrigues\.m2\repository\org\checkerframework\checker-qual\3.42.0\checker-qual-3.42.0.jar;C:\Users\Guilhermy Rodrigues\.m2\repository\org\projectlombok\lombok\1.18.36\lombok-1.18.36.jar;C:\Users\Guilhermy Rodrigues\.m2\repository\org\springframework\boot\spring-boot-starter-test\3.4.0\spring-boot-starter-test-3.4.0.jar;C:\Users\Guilhermy Rodrigues\.m2\repository\org\springframework\boot\spring-boot-test\3.4.0\spring-boot-test-3.4.0.jar;C:\Users\Guilhermy Rodrigues\.m2\repository\org\springframework\boot\spring-boot-test-autoconfigure\3.4.0\spring-boot-test-autoconfigure-3.4.0.jar;C:\Users\Guilhermy Rodrigues\.m2\repository\com\jayway\jsonpath\json-path\2.9.0\json-path-2.9.0.jar;C:\Users\Guilhermy Rodrigues\.m2\repository\jakarta\xml\bind\jakarta.xml.bind-api\4.0.2\jakarta.xml.bind-api-4.0.2.jar;C:\Users\Guilhermy Rodrigues\.m2\repository\jakarta\activation\jakarta.activation-api\2.1.3\jakarta.activation-api-2.1.3.jar;C:\Users\Guilhermy Rodrigues\.m2\repository\net\minidev\json-smart\2.5.1\json-smart-2.5.1.jar;C:\Users\Guilhermy Rodrigues\.m2\repository\net\minidev\accessors-smart\2.5.1\accessors-smart-2.5.1.jar;C:\Users\Guilhermy Rodrigues\.m2\repository\org\ow2\asm\asm\9.6\asm-9.6.jar;C:\Users\Guilhermy Rodrigues\.m2\repository\org\assertj\assertj-core\3.26.3\assertj-core-3.26.3.jar;C:\Users\Guilhermy Rodrigues\.m2\repository\org\awaitility\awaitility\4.2.2\awaitility-4.2.2.jar;C:\Users\Guilhermy Rodrigues\.m2\repository\org\hamcrest\hamcrest\2.2\hamcrest-2.2.jar;C:\Users\Guilhermy Rodrigues\.m2\repository\org\junit\jupiter\junit-jupiter\5.11.3\junit-jupiter-5.11.3.jar;C:\Users\Guilhermy Rodrigues\.m2\repository\org\junit\jupiter\junit-jupiter-api\5.11.3\junit-jupiter-api-5.11.3.jar;C:\Users\Guilhermy Rodrigues\.m2\repository\org\opentest4j\opentest4j\1.3.0\opentest4j-1.3.0.jar;C:\Users\Guilhermy Rodrigues\.m2\repository\org\junit\platform\junit-platform-commons\1.11.3\junit-platform-commons-1.11.3.jar;C:\Users\Guilhermy Rodrigues\.m2\repository\org\apiguardian\apiguardian-api\1.1.2\apiguardian-api-1.1.2.jar;C:\Users\Guilhermy Rodrigues\.m2\repository\org\junit\jupiter\junit-jupiter-params\5.11.3\junit-jupiter-params-5.11.3.jar;C:\Users\Guilhermy Rodrigues\.m2\repository\org\junit\jupiter\junit-jupiter-engine\5.11.3\junit-jupiter-engine-5.11.3.jar;C:\Users\Guilhermy Rodrigues\.m2\repository\org\junit\platform\junit-platform-engine\1.11.3\junit-platform-engine-1.11.3.jar;C:\Users\Guilhermy Rodrigues\.m2\repository\org\mockito\mockito-core\5.14.2\mockito-core-5.14.2.jar;C:\Users\Guilhermy Rodrigues\.m2\repository\net\bytebuddy\byte-buddy-agent\1.15.10\byte-buddy-agent-1.15.10.jar;C:\Users\Guilhermy Rodrigues\.m2\repository\org\objenesis\objenesis\3.3\objenesis-3.3.jar;C:\Users\Guilhermy Rodrigues\.m2\repository\org\mockito\mockito-junit-jupiter\5.14.2\mockito-junit-jupiter-5.14.2.jar;C:\Users\Guilhermy Rodrigues\.m2\repository\org\skyscreamer\jsonassert\1.5.3\jsonassert-1.5.3.jar;C:\Users\Guilhermy Rodrigues\.m2\repository\com\vaadin\external\google\android-json\0.0.20131108.vaadin1\android-json-0.0.20131108.vaadin1.jar;C:\Users\Guilhermy Rodrigues\.m2\repository\org\springframework\spring-core\6.2.0\spring-core-6.2.0.jar;C:\Users\Guilhermy Rodrigues\.m2\repository\org\springframework\spring-jcl\6.2.0\spring-jcl-6.2.0.jar;C:\Users\Guilhermy Rodrigues\.m2\repository\org\springframework\spring-test\6.2.0\spring-test-6.2.0.jar;C:\Users\Guilhermy Rodrigues\.m2\repository\org\xmlunit\xmlunit-core\2.10.0\xmlunit-core-2.10.0.jar;C:\Users\Guilhermy Rodrigues\.m2\repository\org\springdoc\springdoc-openapi-starter-webmvc-ui\2.7.0\springdoc-openapi-starter-webmvc-ui-2.7.0.jar;C:\Users\Guilhermy Rodrigues\.m2\repository\org\springdoc\springdoc-openapi-starter-webmvc-api\2.7.0\springdoc-openapi-starter-webmvc-api-2.7.0.jar;C:\Users\Guilhermy Rodrigues\.m2\repository\org\springdoc\springdoc-openapi-starter-common\2.7.0\springdoc-openapi-starter-common-2.7.0.jar;C:\Users\Guilhermy Rodrigues\.m2\repository\io\swagger\core\v3\swagger-core-jakarta\2.2.25\swagger-core-jakarta-2.2.25.jar;C:\Users\Guilhermy Rodrigues\.m2\repository\org\apache\commons\commons-lang3\3.17.0\commons-lang3-3.17.0.jar;C:\Users\Guilhermy Rodrigues\.m2\repository\io\swagger\core\v3\swagger-annotations-jakarta\2.2.25\swagger-annotations-jakarta-2.2.25.jar;C:\Users\Guilhermy Rodrigues\.m2\repository\io\swagger\core\v3\swagger-models-jakarta\2.2.25\swagger-models-jakarta-2.2.25.jar;C:\Users\Guilhermy Rodrigues\.m2\repository\jakarta\validation\jakarta.validation-api\3.0.2\jakarta.validation-api-3.0.2.jar;C:\Users\Guilhermy Rodrigues\.m2\repository\com\fasterxml\jackson\dataformat\jackson-dataformat-yaml\2.18.1\jackson-dataformat-yaml-2.18.1.jar;C:\Users\Guilhermy Rodrigues\.m2\repository\org\webjars\swagger-ui\5.18.2\swagger-ui-5.18.2.jar;C:\Users\Guilhermy Rodrigues\.m2\repository\org\webjars\webjars-locator-lite\1.0.1\webjars-locator-lite-1.0.1.jar;C:\Users\Guilhermy Rodrigues\.m2\repository\org\jspecify\jspecify\1.0.0\jspecify-1.0.0.jar;C:\Users\Guilhermy Rodrigues\.m2\repository\org\mapstruct\mapstruct\1.6.3\mapstruct-1.6.3.jar;"/>
    <property name="java.vm.vendor" value="Oracle Corporation"/>
    <property name="sun.arch.data.model" value="64"/>
    <property name="user.variant" value=""/>
    <property name="java.vendor.url" value="https://java.oracle.com/"/>
    <property name="user.timezone" value="America/Sao_Paulo"/>
    <property name="org.jboss.logging.provider" value="slf4j"/>
    <property name="os.name" value="Windows 10"/>
    <property name="java.vm.specification.version" value="23"/>
    <property name="sun.java.launcher" value="SUN_STANDARD"/>
    <property name="user.country" value="BR"/>
    <property name="sun.boot.library.path" value="C:\Users\Guilhermy Rodrigues\.jdks\openjdk-23.0.1\bin"/>
    <property name="sun.java.command" value="C:\Users\Guilhermy Rodrigues\AppData\Local\Temp\surefire6488187026257742683\surefirebooter-20241207102102472_3.jar C:\Users\Guilhermy Rodrigues\AppData\Local\Temp\surefire6488187026257742683 2024-12-07T10-21-02_056-jvmRun1 surefire-20241207102102472_1tmp surefire_0-20241207102102472_2tmp"/>
    <property name="jdk.debug" value="release"/>
    <property name="surefire.test.class.path" value="C:\Users\Guilhermy Rodrigues\Downloads\user\target\test-classes;C:\Users\Guilhermy Rodrigues\Downloads\user\target\classes;C:\Users\Guilhermy Rodrigues\.m2\repository\org\springframework\boot\spring-boot-starter-data-jpa\3.4.0\spring-boot-starter-data-jpa-3.4.0.jar;C:\Users\Guilhermy Rodrigues\.m2\repository\org\springframework\boot\spring-boot-starter\3.4.0\spring-boot-starter-3.4.0.jar;C:\Users\Guilhermy Rodrigues\.m2\repository\org\springframework\boot\spring-boot-starter-logging\3.4.0\spring-boot-starter-logging-3.4.0.jar;C:\Users\Guilhermy Rodrigues\.m2\repository\ch\qos\logback\logback-classic\1.5.12\logback-classic-1.5.12.jar;C:\Users\Guilhermy Rodrigues\.m2\repository\ch\qos\logback\logback-core\1.5.12\logback-core-1.5.12.jar;C:\Users\Guilhermy Rodrigues\.m2\repository\org\apache\logging\log4j\log4j-to-slf4j\2.24.1\log4j-to-slf4j-2.24.1.jar;C:\Users\Guilhermy Rodrigues\.m2\repository\org\apache\logging\log4j\log4j-api\2.24.1\log4j-api-2.24.1.jar;C:\Users\Guilhermy Rodrigues\.m2\repository\org\slf4j\jul-to-slf4j\2.0.16\jul-to-slf4j-2.0.16.jar;C:\Users\Guilhermy Rodrigues\.m2\repository\jakarta\annotation\jakarta.annotation-api\2.1.1\jakarta.annotation-api-2.1.1.jar;C:\Users\Guilhermy Rodrigues\.m2\repository\org\yaml\snakeyaml\2.3\snakeyaml-2.3.jar;C:\Users\Guilhermy Rodrigues\.m2\repository\org\springframework\boot\spring-boot-starter-jdbc\3.4.0\spring-boot-starter-jdbc-3.4.0.jar;C:\Users\Guilhermy Rodrigues\.m2\repository\com\zaxxer\HikariCP\5.1.0\HikariCP-5.1.0.jar;C:\Users\Guilhermy Rodrigues\.m2\repository\org\springframework\spring-jdbc\6.2.0\spring-jdbc-6.2.0.jar;C:\Users\Guilhermy Rodrigues\.m2\repository\org\hibernate\orm\hibernate-core\6.6.2.Final\hibernate-core-6.6.2.Final.jar;C:\Users\Guilhermy Rodrigues\.m2\repository\jakarta\persistence\jakarta.persistence-api\3.1.0\jakarta.persistence-api-3.1.0.jar;C:\Users\Guilhermy Rodrigues\.m2\repository\jakarta\transaction\jakarta.transaction-api\2.0.1\jakarta.transaction-api-2.0.1.jar;C:\Users\Guilhermy Rodrigues\.m2\repository\org\jboss\logging\jboss-logging\3.6.1.Final\jboss-logging-3.6.1.Final.jar;C:\Users\Guilhermy Rodrigues\.m2\repository\org\hibernate\common\hibernate-commons-annotations\7.0.3.Final\hibernate-commons-annotations-7.0.3.Final.jar;C:\Users\Guilhermy Rodrigues\.m2\repository\io\smallrye\jandex\3.2.0\jandex-3.2.0.jar;C:\Users\Guilhermy Rodrigues\.m2\repository\com\fasterxml\classmate\1.7.0\classmate-1.7.0.jar;C:\Users\Guilhermy Rodrigues\.m2\repository\net\bytebuddy\byte-buddy\1.15.10\byte-buddy-1.15.10.jar;C:\Users\Guilhermy Rodrigues\.m2\repository\org\glassfish\jaxb\jaxb-runtime\4.0.5\jaxb-runtime-4.0.5.jar;C:\Users\Guilhermy Rodrigues\.m2\repository\org\glassfish\jaxb\jaxb-core\4.0.5\jaxb-core-4.0.5.jar;C:\Users\Guilhermy Rodrigues\.m2\repository\org\eclipse\angus\angus-activation\2.0.2\angus-activation-2.0.2.jar;C:\Users\Guilhermy Rodrigues\.m2\repository\org\glassfish\jaxb\txw2\4.0.5\txw2-4.0.5.jar;C:\Users\Guilhermy Rodrigues\.m2\repository\com\sun\istack\istack-commons-runtime\4.1.2\istack-commons-runtime-4.1.2.jar;C:\Users\Guilhermy Rodrigues\.m2\repository\jakarta\inject\jakarta.inject-api\2.0.1\jakarta.inject-api-2.0.1.jar;C:\Users\Guilhermy Rodrigues\.m2\repository\org\antlr\antlr4-runtime\4.13.0\antlr4-runtime-4.13.0.jar;C:\Users\Guilhermy Rodrigues\.m2\repository\org\springframework\data\spring-data-jpa\3.4.0\spring-data-jpa-3.4.0.jar;C:\Users\Guilhermy Rodrigues\.m2\repository\org\springframework\data\spring-data-commons\3.4.0\spring-data-commons-3.4.0.jar;C:\Users\Guilhermy Rodrigues\.m2\repository\org\springframework\spring-orm\6.2.0\spring-orm-6.2.0.jar;C:\Users\Guilhermy Rodrigues\.m2\repository\org\springframework\spring-context\6.2.0\spring-context-6.2.0.jar;C:\Users\Guilhermy Rodrigues\.m2\repository\org\springframework\spring-aop\6.2.0\spring-aop-6.2.0.jar;C:\Users\Guilhermy Rodrigues\.m2\repository\org\springframework\spring-tx\6.2.0\spring-tx-6.2.0.jar;C:\Users\Guilhermy Rodrigues\.m2\repository\org\springframework\spring-beans\6.2.0\spring-beans-6.2.0.jar;C:\Users\Guilhermy Rodrigues\.m2\repository\org\slf4j\slf4j-api\2.0.16\slf4j-api-2.0.16.jar;C:\Users\Guilhermy Rodrigues\.m2\repository\org\springframework\spring-aspects\6.2.0\spring-aspects-6.2.0.jar;C:\Users\Guilhermy Rodrigues\.m2\repository\org\aspectj\aspectjweaver\1.9.22.1\aspectjweaver-1.9.22.1.jar;C:\Users\Guilhermy Rodrigues\.m2\repository\org\springframework\boot\spring-boot-starter-web\3.4.0\spring-boot-starter-web-3.4.0.jar;C:\Users\Guilhermy Rodrigues\.m2\repository\org\springframework\boot\spring-boot-starter-json\3.4.0\spring-boot-starter-json-3.4.0.jar;C:\Users\Guilhermy Rodrigues\.m2\repository\com\fasterxml\jackson\core\jackson-databind\2.18.1\jackson-databind-2.18.1.jar;C:\Users\Guilhermy Rodrigues\.m2\repository\com\fasterxml\jackson\core\jackson-annotations\2.18.1\jackson-annotations-2.18.1.jar;C:\Users\Guilhermy Rodrigues\.m2\repository\com\fasterxml\jackson\core\jackson-core\2.18.1\jackson-core-2.18.1.jar;C:\Users\Guilhermy Rodrigues\.m2\repository\com\fasterxml\jackson\datatype\jackson-datatype-jdk8\2.18.1\jackson-datatype-jdk8-2.18.1.jar;C:\Users\Guilhermy Rodrigues\.m2\repository\com\fasterxml\jackson\datatype\jackson-datatype-jsr310\2.18.1\jackson-datatype-jsr310-2.18.1.jar;C:\Users\Guilhermy Rodrigues\.m2\repository\com\fasterxml\jackson\module\jackson-module-parameter-names\2.18.1\jackson-module-parameter-names-2.18.1.jar;C:\Users\Guilhermy Rodrigues\.m2\repository\org\springframework\boot\spring-boot-starter-tomcat\3.4.0\spring-boot-starter-tomcat-3.4.0.jar;C:\Users\Guilhermy Rodrigues\.m2\repository\org\apache\tomcat\embed\tomcat-embed-core\10.1.33\tomcat-embed-core-10.1.33.jar;C:\Users\Guilhermy Rodrigues\.m2\repository\org\apache\tomcat\embed\tomcat-embed-el\10.1.33\tomcat-embed-el-10.1.33.jar;C:\Users\Guilhermy Rodrigues\.m2\repository\org\apache\tomcat\embed\tomcat-embed-websocket\10.1.33\tomcat-embed-websocket-10.1.33.jar;C:\Users\Guilhermy Rodrigues\.m2\repository\org\springframework\spring-web\6.2.0\spring-web-6.2.0.jar;C:\Users\Guilhermy Rodrigues\.m2\repository\io\micrometer\micrometer-observation\1.14.1\micrometer-observation-1.14.1.jar;C:\Users\Guilhermy Rodrigues\.m2\repository\io\micrometer\micrometer-commons\1.14.1\micrometer-commons-1.14.1.jar;C:\Users\Guilhermy Rodrigues\.m2\repository\org\springframework\spring-webmvc\6.2.0\spring-webmvc-6.2.0.jar;C:\Users\Guilhermy Rodrigues\.m2\repository\org\springframework\spring-expression\6.2.0\spring-expression-6.2.0.jar;C:\Users\Guilhermy Rodrigues\.m2\repository\org\springframework\boot\spring-boot-devtools\3.4.0\spring-boot-devtools-3.4.0.jar;C:\Users\Guilhermy Rodrigues\.m2\repository\org\springframework\boot\spring-boot\3.4.0\spring-boot-3.4.0.jar;C:\Users\Guilhermy Rodrigues\.m2\repository\org\springframework\boot\spring-boot-autoconfigure\3.4.0\spring-boot-autoconfigure-3.4.0.jar;C:\Users\Guilhermy Rodrigues\.m2\repository\org\postgresql\postgresql\42.7.4\postgresql-42.7.4.jar;C:\Users\Guilhermy Rodrigues\.m2\repository\org\checkerframework\checker-qual\3.42.0\checker-qual-3.42.0.jar;C:\Users\Guilhermy Rodrigues\.m2\repository\org\projectlombok\lombok\1.18.36\lombok-1.18.36.jar;C:\Users\Guilhermy Rodrigues\.m2\repository\org\springframework\boot\spring-boot-starter-test\3.4.0\spring-boot-starter-test-3.4.0.jar;C:\Users\Guilhermy Rodrigues\.m2\repository\org\springframework\boot\spring-boot-test\3.4.0\spring-boot-test-3.4.0.jar;C:\Users\Guilhermy Rodrigues\.m2\repository\org\springframework\boot\spring-boot-test-autoconfigure\3.4.0\spring-boot-test-autoconfigure-3.4.0.jar;C:\Users\Guilhermy Rodrigues\.m2\repository\com\jayway\jsonpath\json-path\2.9.0\json-path-2.9.0.jar;C:\Users\Guilhermy Rodrigues\.m2\repository\jakarta\xml\bind\jakarta.xml.bind-api\4.0.2\jakarta.xml.bind-api-4.0.2.jar;C:\Users\Guilhermy Rodrigues\.m2\repository\jakarta\activation\jakarta.activation-api\2.1.3\jakarta.activation-api-2.1.3.jar;C:\Users\Guilhermy Rodrigues\.m2\repository\net\minidev\json-smart\2.5.1\json-smart-2.5.1.jar;C:\Users\Guilhermy Rodrigues\.m2\repository\net\minidev\accessors-smart\2.5.1\accessors-smart-2.5.1.jar;C:\Users\Guilhermy Rodrigues\.m2\repository\org\ow2\asm\asm\9.6\asm-9.6.jar;C:\Users\Guilhermy Rodrigues\.m2\repository\org\assertj\assertj-core\3.26.3\assertj-core-3.26.3.jar;C:\Users\Guilhermy Rodrigues\.m2\repository\org\awaitility\awaitility\4.2.2\awaitility-4.2.2.jar;C:\Users\Guilhermy Rodrigues\.m2\repository\org\hamcrest\hamcrest\2.2\hamcrest-2.2.jar;C:\Users\Guilhermy Rodrigues\.m2\repository\org\junit\jupiter\junit-jupiter\5.11.3\junit-jupiter-5.11.3.jar;C:\Users\Guilhermy Rodrigues\.m2\repository\org\junit\jupiter\junit-jupiter-api\5.11.3\junit-jupiter-api-5.11.3.jar;C:\Users\Guilhermy Rodrigues\.m2\repository\org\opentest4j\opentest4j\1.3.0\opentest4j-1.3.0.jar;C:\Users\Guilhermy Rodrigues\.m2\repository\org\junit\platform\junit-platform-commons\1.11.3\junit-platform-commons-1.11.3.jar;C:\Users\Guilhermy Rodrigues\.m2\repository\org\apiguardian\apiguardian-api\1.1.2\apiguardian-api-1.1.2.jar;C:\Users\Guilhermy Rodrigues\.m2\repository\org\junit\jupiter\junit-jupiter-params\5.11.3\junit-jupiter-params-5.11.3.jar;C:\Users\Guilhermy Rodrigues\.m2\repository\org\junit\jupiter\junit-jupiter-engine\5.11.3\junit-jupiter-engine-5.11.3.jar;C:\Users\Guilhermy Rodrigues\.m2\repository\org\junit\platform\junit-platform-engine\1.11.3\junit-platform-engine-1.11.3.jar;C:\Users\Guilhermy Rodrigues\.m2\repository\org\mockito\mockito-core\5.14.2\mockito-core-5.14.2.jar;C:\Users\Guilhermy Rodrigues\.m2\repository\net\bytebuddy\byte-buddy-agent\1.15.10\byte-buddy-agent-1.15.10.jar;C:\Users\Guilhermy Rodrigues\.m2\repository\org\objenesis\objenesis\3.3\objenesis-3.3.jar;C:\Users\Guilhermy Rodrigues\.m2\repository\org\mockito\mockito-junit-jupiter\5.14.2\mockito-junit-jupiter-5.14.2.jar;C:\Users\Guilhermy Rodrigues\.m2\repository\org\skyscreamer\jsonassert\1.5.3\jsonassert-1.5.3.jar;C:\Users\Guilhermy Rodrigues\.m2\repository\com\vaadin\external\google\android-json\0.0.20131108.vaadin1\android-json-0.0.20131108.vaadin1.jar;C:\Users\Guilhermy Rodrigues\.m2\repository\org\springframework\spring-core\6.2.0\spring-core-6.2.0.jar;C:\Users\Guilhermy Rodrigues\.m2\repository\org\springframework\spring-jcl\6.2.0\spring-jcl-6.2.0.jar;C:\Users\Guilhermy Rodrigues\.m2\repository\org\springframework\spring-test\6.2.0\spring-test-6.2.0.jar;C:\Users\Guilhermy Rodrigues\.m2\repository\org\xmlunit\xmlunit-core\2.10.0\xmlunit-core-2.10.0.jar;C:\Users\Guilhermy Rodrigues\.m2\repository\org\springdoc\springdoc-openapi-starter-webmvc-ui\2.7.0\springdoc-openapi-starter-webmvc-ui-2.7.0.jar;C:\Users\Guilhermy Rodrigues\.m2\repository\org\springdoc\springdoc-openapi-starter-webmvc-api\2.7.0\springdoc-openapi-starter-webmvc-api-2.7.0.jar;C:\Users\Guilhermy Rodrigues\.m2\repository\org\springdoc\springdoc-openapi-starter-common\2.7.0\springdoc-openapi-starter-common-2.7.0.jar;C:\Users\Guilhermy Rodrigues\.m2\repository\io\swagger\core\v3\swagger-core-jakarta\2.2.25\swagger-core-jakarta-2.2.25.jar;C:\Users\Guilhermy Rodrigues\.m2\repository\org\apache\commons\commons-lang3\3.17.0\commons-lang3-3.17.0.jar;C:\Users\Guilhermy Rodrigues\.m2\repository\io\swagger\core\v3\swagger-annotations-jakarta\2.2.25\swagger-annotations-jakarta-2.2.25.jar;C:\Users\Guilhermy Rodrigues\.m2\repository\io\swagger\core\v3\swagger-models-jakarta\2.2.25\swagger-models-jakarta-2.2.25.jar;C:\Users\Guilhermy Rodrigues\.m2\repository\jakarta\validation\jakarta.validation-api\3.0.2\jakarta.validation-api-3.0.2.jar;C:\Users\Guilhermy Rodrigues\.m2\repository\com\fasterxml\jackson\dataformat\jackson-dataformat-yaml\2.18.1\jackson-dataformat-yaml-2.18.1.jar;C:\Users\Guilhermy Rodrigues\.m2\repository\org\webjars\swagger-ui\5.18.2\swagger-ui-5.18.2.jar;C:\Users\Guilhermy Rodrigues\.m2\repository\org\webjars\webjars-locator-lite\1.0.1\webjars-locator-lite-1.0.1.jar;C:\Users\Guilhermy Rodrigues\.m2\repository\org\jspecify\jspecify\1.0.0\jspecify-1.0.0.jar;C:\Users\Guilhermy Rodrigues\.m2\repository\org\mapstruct\mapstruct\1.6.3\mapstruct-1.6.3.jar;"/>
    <property name="sun.cpu.endian" value="little"/>
    <property name="user.home" value="C:\Users\Guilhermy Rodrigues"/>
    <property name="user.language" value="pt"/>
    <property name="java.specification.vendor" value="Oracle Corporation"/>
    <property name="java.version.date" value="2024-10-15"/>
    <property name="java.home" value="C:\Users\Guilhermy Rodrigues\.jdks\openjdk-23.0.1"/>
    <property name="file.separator" value="\"/>
    <property name="basedir" value="C:\Users\Guilhermy Rodrigues\Downloads\user"/>
    <property name="java.vm.compressedOopsMode" value="Zero based"/>
    <property name="line.separator" value="&#10;"/>
    <property name="java.vm.specification.vendor" value="Oracle Corporation"/>
    <property name="java.specification.name" value="Java Platform API Specification"/>
    <property name="FILE_LOG_CHARSET" value="UTF-8"/>
    <property name="java.awt.headless" value="true"/>
    <property name="surefire.real.class.path" value="C:\Users\Guilhermy Rodrigues\AppData\Local\Temp\surefire6488187026257742683\surefirebooter-20241207102102472_3.jar"/>
    <property name="user.script" value=""/>
    <property name="sun.management.compiler" value="HotSpot 64-Bit Tiered Compilers"/>
    <property name="java.runtime.version" value="23.0.1+11-39"/>
    <property name="user.name" value="Guilhermy Rodrigues"/>
    <property name="stdout.encoding" value="Cp1252"/>
    <property name="path.separator" value=";"/>
    <property name="os.version" value="10.0"/>
    <property name="java.runtime.name" value="OpenJDK Runtime Environment"/>
    <property name="file.encoding" value="UTF-8"/>
    <property name="java.vm.name" value="OpenJDK 64-Bit Server VM"/>
    <property name="localRepository" value="C:\Users\Guilhermy Rodrigues\.m2\repository"/>
    <property name="java.vendor.url.bug" value="https://bugreport.java.com/bugreport/"/>
    <property name="java.io.tmpdir" value="C:\Users\GUILHE~1\AppData\Local\Temp\"/>
    <property name="idea.version" value="2024.2.3"/>
    <property name="com.zaxxer.hikari.pool_number" value="1"/>
    <property name="java.version" value="23.0.1"/>
    <property name="user.dir" value="C:\Users\Guilhermy Rodrigues\Downloads\user"/>
    <property name="os.arch" value="amd64"/>
    <property name="java.vm.specification.name" value="Java Virtual Machine Specification"/>
    <property name="PID" value="19392"/>
    <property name="sun.os.patch.level" value=""/>
    <property name="CONSOLE_LOG_CHARSET" value="UTF-8"/>
    <property name="native.encoding" value="Cp1252"/>
    <property name="java.library.path" value="C:\Users\Guilhermy Rodrigues\.jdks\openjdk-23.0.1\bin;C:\Windows\Sun\Java\bin;C:\Windows\system32;C:\Windows;C:\Program Files\Common Files\Oracle\Java\javapath;C:\Windows\system32;C:\Windows;C:\Windows\System32\Wbem;C:\Windows\System32\WindowsPowerShell\v1.0\;C:\Windows\System32\OpenSSH\;C:\Program Files\Java\jdk-20;C:\Program Files\Git\cmd;C:\Program Files\Docker\Docker\resources\bin;C:\Program Files\nodejs\;C:\Users\Guilhermy Rodrigues\AppData\Local\Pub\Cache\bin;C:\Users\Guilhermy Rodrigues\AppData\Local\Microsoft\WindowsApps;C:\Users\Guilhermy Rodrigues\AppData\Local\Programs\Microsoft VS Code\bin;C:\Program Files\JetBrains\IntelliJ IDEA Community Edition 2024.1\bin;;C:\Flutter\flutter\bin;C:\Users\Guilhermy Rodrigues\AppData\Roaming\npm;C:\Users\Guilhermy Rodrigues\AppData\Local\Pub\Cache\bin;;."/>
    <property name="java.vm.info" value="mixed mode, sharing"/>
    <property name="stderr.encoding" value="Cp1252"/>
    <property name="java.vendor" value="Oracle Corporation"/>
    <property name="java.vm.version" value="23.0.1+11-39"/>
    <property name="sun.io.unicode.encoding" value="UnicodeLittle"/>
    <property name="java.class.version" value="67.0"/>
  </properties>
  <testcase name="contextLoads" classname="com.senac.ads4.user.UserApplicationTests" time="0.764">
    <system-out><![CDATA[10:21:04.779 [main] INFO org.springframework.test.context.support.AnnotationConfigContextLoaderUtils -- Could not detect default configuration classes for test class [com.senac.ads4.user.UserApplicationTests]: UserApplicationTests does not declare any static, non-private, non-final, nested classes annotated with @Configuration.
10:21:05.077 [main] INFO org.springframework.boot.test.context.SpringBootTestContextBootstrapper -- Found @SpringBootConfiguration com.senac.ads4.user.UserApplication for test class com.senac.ads4.user.UserApplicationTests
10:21:05.460 [main] INFO org.springframework.boot.devtools.restart.RestartApplicationListener -- Restart disabled due to context in which it is running

  .   ____          _            __ _ _
 /\\ / ___'_ __ _ _(_)_ __  __ _ \ \ \ \
( ( )\___ | '_ | '_| | '_ \/ _` | \ \ \ \
 \\/  ___)| |_)| | | | | || (_| |  ) ) ) )
  '  |____| .__|_| |_|_| |_\__, | / / / /
 =========|_|==============|___/=/_/_/_/

&amp#27;[32m :: Spring Boot :: &amp#27;[39m              &amp#27;[2m (v3.4.0)&amp#27;[0;39m

&amp#27;[2m2024-12-07T10:21:06.188-03:00&amp#27;[0;39m &amp#27;[32m INFO&amp#27;[0;39m &amp#27;[35m19392&amp#27;[0;39m &amp#27;[2m--- [           main] &amp#27;[0;39m&amp#27;[36mc.senac.ads4.user.UserApplicationTests  &amp#27;[0;39m &amp#27;[2m:&amp#27;[0;39m Starting UserApplicationTests using Java 23.0.1 with PID 19392 (started by Guilhermy Rodrigues in C:\Users\Guilhermy Rodrigues\Downloads\user)
&amp#27;[2m2024-12-07T10:21:06.191-03:00&amp#27;[0;39m &amp#27;[32m INFO&amp#27;[0;39m &amp#27;[35m19392&amp#27;[0;39m &amp#27;[2m--- [           main] &amp#27;[0;39m&amp#27;[36mc.senac.ads4.user.UserApplicationTests  &amp#27;[0;39m &amp#27;[2m:&amp#27;[0;39m No active profile set, falling back to 1 default profile: "default"
&amp#27;[2m2024-12-07T10:21:07.950-03:00&amp#27;[0;39m &amp#27;[32m INFO&amp#27;[0;39m &amp#27;[35m19392&amp#27;[0;39m &amp#27;[2m--- [           main] &amp#27;[0;39m&amp#27;[36m.s.d.r.c.RepositoryConfigurationDelegate&amp#27;[0;39m &amp#27;[2m:&amp#27;[0;39m Bootstrapping Spring Data JPA repositories in DEFAULT mode.
&amp#27;[2m2024-12-07T10:21:08.057-03:00&amp#27;[0;39m &amp#27;[32m INFO&amp#27;[0;39m &amp#27;[35m19392&amp#27;[0;39m &amp#27;[2m--- [           main] &amp#27;[0;39m&amp#27;[36m.s.d.r.c.RepositoryConfigurationDelegate&amp#27;[0;39m &amp#27;[2m:&amp#27;[0;39m Finished Spring Data repository scanning in 80 ms. Found 1 JPA repository interface.
&amp#27;[2m2024-12-07T10:21:09.073-03:00&amp#27;[0;39m &amp#27;[32m INFO&amp#27;[0;39m &amp#27;[35m19392&amp#27;[0;39m &amp#27;[2m--- [           main] &amp#27;[0;39m&amp#27;[36mo.hibernate.jpa.internal.util.LogHelper &amp#27;[0;39m &amp#27;[2m:&amp#27;[0;39m HHH000204: Processing PersistenceUnitInfo [name: default]
&amp#27;[2m2024-12-07T10:21:09.191-03:00&amp#27;[0;39m &amp#27;[32m INFO&amp#27;[0;39m &amp#27;[35m19392&amp#27;[0;39m &amp#27;[2m--- [           main] &amp#27;[0;39m&amp#27;[36morg.hibernate.Version                   &amp#27;[0;39m &amp#27;[2m:&amp#27;[0;39m HHH000412: Hibernate ORM core version 6.6.2.Final
&amp#27;[2m2024-12-07T10:21:09.260-03:00&amp#27;[0;39m &amp#27;[32m INFO&amp#27;[0;39m &amp#27;[35m19392&amp#27;[0;39m &amp#27;[2m--- [           main] &amp#27;[0;39m&amp#27;[36mo.h.c.internal.RegionFactoryInitiator   &amp#27;[0;39m &amp#27;[2m:&amp#27;[0;39m HHH000026: Second-level cache disabled
&amp#27;[2m2024-12-07T10:21:09.476-03:00&amp#27;[0;39m &amp#27;[32mDEBUG&amp#27;[0;39m &amp#27;[35m19392&amp#27;[0;39m &amp#27;[2m--- [           main] &amp#27;[0;39m&amp#27;[36morg.hibernate.type.BasicTypeRegistry    &amp#27;[0;39m &amp#27;[2m:&amp#27;[0;39m Adding type registration boolean -> org.hibernate.type.BasicTypeReference@718989fa
&amp#27;[2m2024-12-07T10:21:09.477-03:00&amp#27;[0;39m &amp#27;[32mDEBUG&amp#27;[0;39m &amp#27;[35m19392&amp#27;[0;39m &amp#27;[2m--- [           main] &amp#27;[0;39m&amp#27;[36morg.hibernate.type.BasicTypeRegistry    &amp#27;[0;39m &amp#27;[2m:&amp#27;[0;39m Adding type registration boolean -> org.hibernate.type.BasicTypeReference@718989fa
&amp#27;[2m2024-12-07T10:21:09.477-03:00&amp#27;[0;39m &amp#27;[32mDEBUG&amp#27;[0;39m &amp#27;[35m19392&amp#27;[0;39m &amp#27;[2m--- [           main] &amp#27;[0;39m&amp#27;[36morg.hibernate.type.BasicTypeRegistry    &amp#27;[0;39m &amp#27;[2m:&amp#27;[0;39m Adding type registration java.lang.Boolean -> org.hibernate.type.BasicTypeReference@718989fa
&amp#27;[2m2024-12-07T10:21:09.477-03:00&amp#27;[0;39m &amp#27;[32mDEBUG&amp#27;[0;39m &amp#27;[35m19392&amp#27;[0;39m &amp#27;[2m--- [           main] &amp#27;[0;39m&amp#27;[36morg.hibernate.type.BasicTypeRegistry    &amp#27;[0;39m &amp#27;[2m:&amp#27;[0;39m Adding type registration numeric_boolean -> org.hibernate.type.BasicTypeReference@69f080ad
&amp#27;[2m2024-12-07T10:21:09.477-03:00&amp#27;[0;39m &amp#27;[32mDEBUG&amp#27;[0;39m &amp#27;[35m19392&amp#27;[0;39m &amp#27;[2m--- [           main] &amp#27;[0;39m&amp#27;[36morg.hibernate.type.BasicTypeRegistry    &amp#27;[0;39m &amp#27;[2m:&amp#27;[0;39m Adding type registration org.hibernate.type.NumericBooleanConverter -> org.hibernate.type.BasicTypeReference@69f080ad
&amp#27;[2m2024-12-07T10:21:09.478-03:00&amp#27;[0;39m &amp#27;[32mDEBUG&amp#27;[0;39m &amp#27;[35m19392&amp#27;[0;39m &amp#27;[2m--- [           main] &amp#27;[0;39m&amp#27;[36morg.hibernate.type.BasicTypeRegistry    &amp#27;[0;39m &amp#27;[2m:&amp#27;[0;39m Adding type registration true_false -> org.hibernate.type.BasicTypeReference@6568f998
&amp#27;[2m2024-12-07T10:21:09.478-03:00&amp#27;[0;39m &amp#27;[32mDEBUG&amp#27;[0;39m &amp#27;[35m19392&amp#27;[0;39m &amp#27;[2m--- [           main] &amp#27;[0;39m&amp#27;[36morg.hibernate.type.BasicTypeRegistry    &amp#27;[0;39m &amp#27;[2m:&amp#27;[0;39m Adding type registration org.hibernate.type.TrueFalseConverter -> org.hibernate.type.BasicTypeReference@6568f998
&amp#27;[2m2024-12-07T10:21:09.478-03:00&amp#27;[0;39m &amp#27;[32mDEBUG&amp#27;[0;39m &amp#27;[35m19392&amp#27;[0;39m &amp#27;[2m--- [           main] &amp#27;[0;39m&amp#27;[36morg.hibernate.type.BasicTypeRegistry    &amp#27;[0;39m &amp#27;[2m:&amp#27;[0;39m Adding type registration yes_no -> org.hibernate.type.BasicTypeReference@45d4421d
&amp#27;[2m2024-12-07T10:21:09.478-03:00&amp#27;[0;39m &amp#27;[32mDEBUG&amp#27;[0;39m &amp#27;[35m19392&amp#27;[0;39m &amp#27;[2m--- [           main] &amp#27;[0;39m&amp#27;[36morg.hibernate.type.BasicTypeRegistry    &amp#27;[0;39m &amp#27;[2m:&amp#27;[0;39m Adding type registration org.hibernate.type.YesNoConverter -> org.hibernate.type.BasicTypeReference@45d4421d
&amp#27;[2m2024-12-07T10:21:09.478-03:00&amp#27;[0;39m &amp#27;[32mDEBUG&amp#27;[0;39m &amp#27;[35m19392&amp#27;[0;39m &amp#27;[2m--- [           main] &amp#27;[0;39m&amp#27;[36morg.hibernate.type.BasicTypeRegistry    &amp#27;[0;39m &amp#27;[2m:&amp#27;[0;39m Adding type registration byte -> org.hibernate.type.BasicTypeReference@782fd504
&amp#27;[2m2024-12-07T10:21:09.478-03:00&amp#27;[0;39m &amp#27;[32mDEBUG&amp#27;[0;39m &amp#27;[35m19392&amp#27;[0;39m &amp#27;[2m--- [           main] &amp#27;[0;39m&amp#27;[36morg.hibernate.type.BasicTypeRegistry    &amp#27;[0;39m &amp#27;[2m:&amp#27;[0;39m Adding type registration byte -> org.hibernate.type.BasicTypeReference@782fd504
&amp#27;[2m2024-12-07T10:21:09.479-03:00&amp#27;[0;39m &amp#27;[32mDEBUG&amp#27;[0;39m &amp#27;[35m19392&amp#27;[0;39m &amp#27;[2m--- [           main] &amp#27;[0;39m&amp#27;[36morg.hibernate.type.BasicTypeRegistry    &amp#27;[0;39m &amp#27;[2m:&amp#27;[0;39m Adding type registration java.lang.Byte -> org.hibernate.type.BasicTypeReference@782fd504
&amp#27;[2m2024-12-07T10:21:09.479-03:00&amp#27;[0;39m &amp#27;[32mDEBUG&amp#27;[0;39m &amp#27;[35m19392&amp#27;[0;39m &amp#27;[2m--- [           main] &amp#27;[0;39m&amp#27;[36morg.hibernate.type.BasicTypeRegistry    &amp#27;[0;39m &amp#27;[2m:&amp#27;[0;39m Adding type registration binary -> org.hibernate.type.BasicTypeReference@1537c744
&amp#27;[2m2024-12-07T10:21:09.479-03:00&amp#27;[0;39m &amp#27;[32mDEBUG&amp#27;[0;39m &amp#27;[35m19392&amp#27;[0;39m &amp#27;[2m--- [           main] &amp#27;[0;39m&amp#27;[36morg.hibernate.type.BasicTypeRegistry    &amp#27;[0;39m &amp#27;[2m:&amp#27;[0;39m Adding type registration byte[] -> org.hibernate.type.BasicTypeReference@1537c744
&amp#27;[2m2024-12-07T10:21:09.479-03:00&amp#27;[0;39m &amp#27;[32mDEBUG&amp#27;[0;39m &amp#27;[35m19392&amp#27;[0;39m &amp#27;[2m--- [           main] &amp#27;[0;39m&amp#27;[36morg.hibernate.type.BasicTypeRegistry    &amp#27;[0;39m &amp#27;[2m:&amp#27;[0;39m Adding type registration [B -> org.hibernate.type.BasicTypeReference@1537c744
&amp#27;[2m2024-12-07T10:21:09.479-03:00&amp#27;[0;39m &amp#27;[32mDEBUG&amp#27;[0;39m &amp#27;[35m19392&amp#27;[0;39m &amp#27;[2m--- [           main] &amp#27;[0;39m&amp#27;[36morg.hibernate.type.BasicTypeRegistry    &amp#27;[0;39m &amp#27;[2m:&amp#27;[0;39m Adding type registration binary_wrapper -> org.hibernate.type.BasicTypeReference@37314843
&amp#27;[2m2024-12-07T10:21:09.480-03:00&amp#27;[0;39m &amp#27;[32mDEBUG&amp#27;[0;39m &amp#27;[35m19392&amp#27;[0;39m &amp#27;[2m--- [           main] &amp#27;[0;39m&amp#27;[36morg.hibernate.type.BasicTypeRegistry    &amp#27;[0;39m &amp#27;[2m:&amp#27;[0;39m Adding type registration wrapper-binary -> org.hibernate.type.BasicTypeReference@37314843
&amp#27;[2m2024-12-07T10:21:09.480-03:00&amp#27;[0;39m &amp#27;[32mDEBUG&amp#27;[0;39m &amp#27;[35m19392&amp#27;[0;39m &amp#27;[2m--- [           main] &amp#27;[0;39m&amp#27;[36morg.hibernate.type.BasicTypeRegistry    &amp#27;[0;39m &amp#27;[2m:&amp#27;[0;39m Adding type registration image -> org.hibernate.type.BasicTypeReference@50122012
&amp#27;[2m2024-12-07T10:21:09.480-03:00&amp#27;[0;39m &amp#27;[32mDEBUG&amp#27;[0;39m &amp#27;[35m19392&amp#27;[0;39m &amp#27;[2m--- [           main] &amp#27;[0;39m&amp#27;[36morg.hibernate.type.BasicTypeRegistry    &amp#27;[0;39m &amp#27;[2m:&amp#27;[0;39m Adding type registration blob -> org.hibernate.type.BasicTypeReference@569348e1
&amp#27;[2m2024-12-07T10:21:09.480-03:00&amp#27;[0;39m &amp#27;[32mDEBUG&amp#27;[0;39m &amp#27;[35m19392&amp#27;[0;39m &amp#27;[2m--- [           main] &amp#27;[0;39m&amp#27;[36morg.hibernate.type.BasicTypeRegistry    &amp#27;[0;39m &amp#27;[2m:&amp#27;[0;39m Adding type registration java.sql.Blob -> org.hibernate.type.BasicTypeReference@569348e1
&amp#27;[2m2024-12-07T10:21:09.481-03:00&amp#27;[0;39m &amp#27;[32mDEBUG&amp#27;[0;39m &amp#27;[35m19392&amp#27;[0;39m &amp#27;[2m--- [           main] &amp#27;[0;39m&amp#27;[36morg.hibernate.type.BasicTypeRegistry    &amp#27;[0;39m &amp#27;[2m:&amp#27;[0;39m Adding type registration materialized_blob -> org.hibernate.type.BasicTypeReference@7db5b890
&amp#27;[2m2024-12-07T10:21:09.481-03:00&amp#27;[0;39m &amp#27;[32mDEBUG&amp#27;[0;39m &amp#27;[35m19392&amp#27;[0;39m &amp#27;[2m--- [           main] &amp#27;[0;39m&amp#27;[36morg.hibernate.type.BasicTypeRegistry    &amp#27;[0;39m &amp#27;[2m:&amp#27;[0;39m Adding type registration materialized_blob_wrapper -> org.hibernate.type.BasicTypeReference@407b8435
&amp#27;[2m2024-12-07T10:21:09.481-03:00&amp#27;[0;39m &amp#27;[32mDEBUG&amp#27;[0;39m &amp#27;[35m19392&amp#27;[0;39m &amp#27;[2m--- [           main] &amp#27;[0;39m&amp#27;[36morg.hibernate.type.BasicTypeRegistry    &amp#27;[0;39m &amp#27;[2m:&amp#27;[0;39m Adding type registration short -> org.hibernate.type.BasicTypeReference@1282e98
&amp#27;[2m2024-12-07T10:21:09.481-03:00&amp#27;[0;39m &amp#27;[32mDEBUG&amp#27;[0;39m &amp#27;[35m19392&amp#27;[0;39m &amp#27;[2m--- [           main] &amp#27;[0;39m&amp#27;[36morg.hibernate.type.BasicTypeRegistry    &amp#27;[0;39m &amp#27;[2m:&amp#27;[0;39m Adding type registration short -> org.hibernate.type.BasicTypeReference@1282e98
&amp#27;[2m2024-12-07T10:21:09.481-03:00&amp#27;[0;39m &amp#27;[32mDEBUG&amp#27;[0;39m &amp#27;[35m19392&amp#27;[0;39m &amp#27;[2m--- [           main] &amp#27;[0;39m&amp#27;[36morg.hibernate.type.BasicTypeRegistry    &amp#27;[0;39m &amp#27;[2m:&amp#27;[0;39m Adding type registration java.lang.Short -> org.hibernate.type.BasicTypeReference@1282e98
&amp#27;[2m2024-12-07T10:21:09.481-03:00&amp#27;[0;39m &amp#27;[32mDEBUG&amp#27;[0;39m &amp#27;[35m19392&amp#27;[0;39m &amp#27;[2m--- [           main] &amp#27;[0;39m&amp#27;[36morg.hibernate.type.BasicTypeRegistry    &amp#27;[0;39m &amp#27;[2m:&amp#27;[0;39m Adding type registration integer -> org.hibernate.type.BasicTypeReference@4db0ba1c
&amp#27;[2m2024-12-07T10:21:09.482-03:00&amp#27;[0;39m &amp#27;[32mDEBUG&amp#27;[0;39m &amp#27;[35m19392&amp#27;[0;39m &amp#27;[2m--- [           main] &amp#27;[0;39m&amp#27;[36morg.hibernate.type.BasicTypeRegistry    &amp#27;[0;39m &amp#27;[2m:&amp#27;[0;39m Adding type registration int -> org.hibernate.type.BasicTypeReference@4db0ba1c
&amp#27;[2m2024-12-07T10:21:09.482-03:00&amp#27;[0;39m &amp#27;[32mDEBUG&amp#27;[0;39m &amp#27;[35m19392&amp#27;[0;39m &amp#27;[2m--- [           main] &amp#27;[0;39m&amp#27;[36morg.hibernate.type.BasicTypeRegistry    &amp#27;[0;39m &amp#27;[2m:&amp#27;[0;39m Adding type registration java.lang.Integer -> org.hibernate.type.BasicTypeReference@4db0ba1c
&amp#27;[2m2024-12-07T10:21:09.482-03:00&amp#27;[0;39m &amp#27;[32mDEBUG&amp#27;[0;39m &amp#27;[35m19392&amp#27;[0;39m &amp#27;[2m--- [           main] &amp#27;[0;39m&amp#27;[36morg.hibernate.type.BasicTypeRegistry    &amp#27;[0;39m &amp#27;[2m:&amp#27;[0;39m Adding type registration long -> org.hibernate.type.BasicTypeReference@1d91fa02
&amp#27;[2m2024-12-07T10:21:09.482-03:00&amp#27;[0;39m &amp#27;[32mDEBUG&amp#27;[0;39m &amp#27;[35m19392&amp#27;[0;39m &amp#27;[2m--- [           main] &amp#27;[0;39m&amp#27;[36morg.hibernate.type.BasicTypeRegistry    &amp#27;[0;39m &amp#27;[2m:&amp#27;[0;39m Adding type registration long -> org.hibernate.type.BasicTypeReference@1d91fa02
&amp#27;[2m2024-12-07T10:21:09.482-03:00&amp#27;[0;39m &amp#27;[32mDEBUG&amp#27;[0;39m &amp#27;[35m19392&amp#27;[0;39m &amp#27;[2m--- [           main] &amp#27;[0;39m&amp#27;[36morg.hibernate.type.BasicTypeRegistry    &amp#27;[0;39m &amp#27;[2m:&amp#27;[0;39m Adding type registration java.lang.Long -> org.hibernate.type.BasicTypeReference@1d91fa02
&amp#27;[2m2024-12-07T10:21:09.483-03:00&amp#27;[0;39m &amp#27;[32mDEBUG&amp#27;[0;39m &amp#27;[35m19392&amp#27;[0;39m &amp#27;[2m--- [           main] &amp#27;[0;39m&amp#27;[36morg.hibernate.type.BasicTypeRegistry    &amp#27;[0;39m &amp#27;[2m:&amp#27;[0;39m Adding type registration float -> org.hibernate.type.BasicTypeReference@1578fa9
&amp#27;[2m2024-12-07T10:21:09.483-03:00&amp#27;[0;39m &amp#27;[32mDEBUG&amp#27;[0;39m &amp#27;[35m19392&amp#27;[0;39m &amp#27;[2m--- [           main] &amp#27;[0;39m&amp#27;[36morg.hibernate.type.BasicTypeRegistry    &amp#27;[0;39m &amp#27;[2m:&amp#27;[0;39m Adding type registration float -> org.hibernate.type.BasicTypeReference@1578fa9
&amp#27;[2m2024-12-07T10:21:09.483-03:00&amp#27;[0;39m &amp#27;[32mDEBUG&amp#27;[0;39m &amp#27;[35m19392&amp#27;[0;39m &amp#27;[2m--- [           main] &amp#27;[0;39m&amp#27;[36morg.hibernate.type.BasicTypeRegistry    &amp#27;[0;39m &amp#27;[2m:&amp#27;[0;39m Adding type registration java.lang.Float -> org.hibernate.type.BasicTypeReference@1578fa9
&amp#27;[2m2024-12-07T10:21:09.483-03:00&amp#27;[0;39m &amp#27;[32mDEBUG&amp#27;[0;39m &amp#27;[35m19392&amp#27;[0;39m &amp#27;[2m--- [           main] &amp#27;[0;39m&amp#27;[36morg.hibernate.type.BasicTypeRegistry    &amp#27;[0;39m &amp#27;[2m:&amp#27;[0;39m Adding type registration double -> org.hibernate.type.BasicTypeReference@414b2df5
&amp#27;[2m2024-12-07T10:21:09.483-03:00&amp#27;[0;39m &amp#27;[32mDEBUG&amp#27;[0;39m &amp#27;[35m19392&amp#27;[0;39m &amp#27;[2m--- [           main] &amp#27;[0;39m&amp#27;[36morg.hibernate.type.BasicTypeRegistry    &amp#27;[0;39m &amp#27;[2m:&amp#27;[0;39m Adding type registration double -> org.hibernate.type.BasicTypeReference@414b2df5
&amp#27;[2m2024-12-07T10:21:09.484-03:00&amp#27;[0;39m &amp#27;[32mDEBUG&amp#27;[0;39m &amp#27;[35m19392&amp#27;[0;39m &amp#27;[2m--- [           main] &amp#27;[0;39m&amp#27;[36morg.hibernate.type.BasicTypeRegistry    &amp#27;[0;39m &amp#27;[2m:&amp#27;[0;39m Adding type registration java.lang.Double -> org.hibernate.type.BasicTypeReference@414b2df5
&amp#27;[2m2024-12-07T10:21:09.484-03:00&amp#27;[0;39m &amp#27;[32mDEBUG&amp#27;[0;39m &amp#27;[35m19392&amp#27;[0;39m &amp#27;[2m--- [           main] &amp#27;[0;39m&amp#27;[36morg.hibernate.type.BasicTypeRegistry    &amp#27;[0;39m &amp#27;[2m:&amp#27;[0;39m Adding type registration big_integer -> org.hibernate.type.BasicTypeReference@9e30f9a
&amp#27;[2m2024-12-07T10:21:09.484-03:00&amp#27;[0;39m &amp#27;[32mDEBUG&amp#27;[0;39m &amp#27;[35m19392&amp#27;[0;39m &amp#27;[2m--- [           main] &amp#27;[0;39m&amp#27;[36morg.hibernate.type.BasicTypeRegistry    &amp#27;[0;39m &amp#27;[2m:&amp#27;[0;39m Adding type registration java.math.BigInteger -> org.hibernate.type.BasicTypeReference@9e30f9a
&amp#27;[2m2024-12-07T10:21:09.484-03:00&amp#27;[0;39m &amp#27;[32mDEBUG&amp#27;[0;39m &amp#27;[35m19392&amp#27;[0;39m &amp#27;[2m--- [           main] &amp#27;[0;39m&amp#27;[36morg.hibernate.type.BasicTypeRegistry    &amp#27;[0;39m &amp#27;[2m:&amp#27;[0;39m Adding type registration big_decimal -> org.hibernate.type.BasicTypeReference@1b30a54e
&amp#27;[2m2024-12-07T10:21:09.484-03:00&amp#27;[0;39m &amp#27;[32mDEBUG&amp#27;[0;39m &amp#27;[35m19392&amp#27;[0;39m &amp#27;[2m--- [           main] &amp#27;[0;39m&amp#27;[36morg.hibernate.type.BasicTypeRegistry    &amp#27;[0;39m &amp#27;[2m:&amp#27;[0;39m Adding type registration java.math.BigDecimal -> org.hibernate.type.BasicTypeReference@1b30a54e
&amp#27;[2m2024-12-07T10:21:09.484-03:00&amp#27;[0;39m &amp#27;[32mDEBUG&amp#27;[0;39m &amp#27;[35m19392&amp#27;[0;39m &amp#27;[2m--- [           main] &amp#27;[0;39m&amp#27;[36morg.hibernate.type.BasicTypeRegistry    &amp#27;[0;39m &amp#27;[2m:&amp#27;[0;39m Adding type registration character -> org.hibernate.type.BasicTypeReference@26275b46
&amp#27;[2m2024-12-07T10:21:09.485-03:00&amp#27;[0;39m &amp#27;[32mDEBUG&amp#27;[0;39m &amp#27;[35m19392&amp#27;[0;39m &amp#27;[2m--- [           main] &amp#27;[0;39m&amp#27;[36morg.hibernate.type.BasicTypeRegistry    &amp#27;[0;39m &amp#27;[2m:&amp#27;[0;39m Adding type registration char -> org.hibernate.type.BasicTypeReference@26275b46
&amp#27;[2m2024-12-07T10:21:09.485-03:00&amp#27;[0;39m &amp#27;[32mDEBUG&amp#27;[0;39m &amp#27;[35m19392&amp#27;[0;39m &amp#27;[2m--- [           main] &amp#27;[0;39m&amp#27;[36morg.hibernate.type.BasicTypeRegistry    &amp#27;[0;39m &amp#27;[2m:&amp#27;[0;39m Adding type registration java.lang.Character -> org.hibernate.type.BasicTypeReference@26275b46
&amp#27;[2m2024-12-07T10:21:09.485-03:00&amp#27;[0;39m &amp#27;[32mDEBUG&amp#27;[0;39m &amp#27;[35m19392&amp#27;[0;39m &amp#27;[2m--- [           main] &amp#27;[0;39m&amp#27;[36morg.hibernate.type.BasicTypeRegistry    &amp#27;[0;39m &amp#27;[2m:&amp#27;[0;39m Adding type registration character_nchar -> org.hibernate.type.BasicTypeReference@3e9beef2
&amp#27;[2m2024-12-07T10:21:09.485-03:00&amp#27;[0;39m &amp#27;[32mDEBUG&amp#27;[0;39m &amp#27;[35m19392&amp#27;[0;39m &amp#27;[2m--- [           main] &amp#27;[0;39m&amp#27;[36morg.hibernate.type.BasicTypeRegistry    &amp#27;[0;39m &amp#27;[2m:&amp#27;[0;39m Adding type registration string -> org.hibernate.type.BasicTypeReference@2f15a964
&amp#27;[2m2024-12-07T10:21:09.485-03:00&amp#27;[0;39m &amp#27;[32mDEBUG&amp#27;[0;39m &amp#27;[35m19392&amp#27;[0;39m &amp#27;[2m--- [           main] &amp#27;[0;39m&amp#27;[36morg.hibernate.type.BasicTypeRegistry    &amp#27;[0;39m &amp#27;[2m:&amp#27;[0;39m Adding type registration java.lang.String -> org.hibernate.type.BasicTypeReference@2f15a964
&amp#27;[2m2024-12-07T10:21:09.486-03:00&amp#27;[0;39m &amp#27;[32mDEBUG&amp#27;[0;39m &amp#27;[35m19392&amp#27;[0;39m &amp#27;[2m--- [           main] &amp#27;[0;39m&amp#27;[36morg.hibernate.type.BasicTypeRegistry    &amp#27;[0;39m &amp#27;[2m:&amp#27;[0;39m Adding type registration nstring -> org.hibernate.type.BasicTypeReference@3111631d
&amp#27;[2m2024-12-07T10:21:09.486-03:00&amp#27;[0;39m &amp#27;[32mDEBUG&amp#27;[0;39m &amp#27;[35m19392&amp#27;[0;39m &amp#27;[2m--- [           main] &amp#27;[0;39m&amp#27;[36morg.hibernate.type.BasicTypeRegistry    &amp#27;[0;39m &amp#27;[2m:&amp#27;[0;39m Adding type registration characters -> org.hibernate.type.BasicTypeReference@2d70f312
&amp#27;[2m2024-12-07T10:21:09.486-03:00&amp#27;[0;39m &amp#27;[32mDEBUG&amp#27;[0;39m &amp#27;[35m19392&amp#27;[0;39m &amp#27;[2m--- [           main] &amp#27;[0;39m&amp#27;[36morg.hibernate.type.BasicTypeRegistry    &amp#27;[0;39m &amp#27;[2m:&amp#27;[0;39m Adding type registration char[] -> org.hibernate.type.BasicTypeReference@2d70f312
&amp#27;[2m2024-12-07T10:21:09.486-03:00&amp#27;[0;39m &amp#27;[32mDEBUG&amp#27;[0;39m &amp#27;[35m19392&amp#27;[0;39m &amp#27;[2m--- [           main] &amp#27;[0;39m&amp#27;[36morg.hibernate.type.BasicTypeRegistry    &amp#27;[0;39m &amp#27;[2m:&amp#27;[0;39m Adding type registration [C -> org.hibernate.type.BasicTypeReference@2d70f312
&amp#27;[2m2024-12-07T10:21:09.486-03:00&amp#27;[0;39m &amp#27;[32mDEBUG&amp#27;[0;39m &amp#27;[35m19392&amp#27;[0;39m &amp#27;[2m--- [           main] &amp#27;[0;39m&amp#27;[36morg.hibernate.type.BasicTypeRegistry    &amp#27;[0;39m &amp#27;[2m:&amp#27;[0;39m Adding type registration wrapper-characters -> org.hibernate.type.BasicTypeReference@4c7d7430
&amp#27;[2m2024-12-07T10:21:09.486-03:00&amp#27;[0;39m &amp#27;[32mDEBUG&amp#27;[0;39m &amp#27;[35m19392&amp#27;[0;39m &amp#27;[2m--- [           main] &amp#27;[0;39m&amp#27;[36morg.hibernate.type.BasicTypeRegistry    &amp#27;[0;39m &amp#27;[2m:&amp#27;[0;39m Adding type registration text -> org.hibernate.type.BasicTypeReference@4ea1aa52
&amp#27;[2m2024-12-07T10:21:09.487-03:00&amp#27;[0;39m &amp#27;[32mDEBUG&amp#27;[0;39m &amp#27;[35m19392&amp#27;[0;39m &amp#27;[2m--- [           main] &amp#27;[0;39m&amp#27;[36morg.hibernate.type.BasicTypeRegistry    &amp#27;[0;39m &amp#27;[2m:&amp#27;[0;39m Adding type registration ntext -> org.hibernate.type.BasicTypeReference@74123110
&amp#27;[2m2024-12-07T10:21:09.487-03:00&amp#27;[0;39m &amp#27;[32mDEBUG&amp#27;[0;39m &amp#27;[35m19392&amp#27;[0;39m &amp#27;[2m--- [           main] &amp#27;[0;39m&amp#27;[36morg.hibernate.type.BasicTypeRegistry    &amp#27;[0;39m &amp#27;[2m:&amp#27;[0;39m Adding type registration clob -> org.hibernate.type.BasicTypeReference@5ed0b4e3
&amp#27;[2m2024-12-07T10:21:09.487-03:00&amp#27;[0;39m &amp#27;[32mDEBUG&amp#27;[0;39m &amp#27;[35m19392&amp#27;[0;39m &amp#27;[2m--- [           main] &amp#27;[0;39m&amp#27;[36morg.hibernate.type.BasicTypeRegistry    &amp#27;[0;39m &amp#27;[2m:&amp#27;[0;39m Adding type registration java.sql.Clob -> org.hibernate.type.BasicTypeReference@5ed0b4e3
&amp#27;[2m2024-12-07T10:21:09.487-03:00&amp#27;[0;39m &amp#27;[32mDEBUG&amp#27;[0;39m &amp#27;[35m19392&amp#27;[0;39m &amp#27;[2m--- [           main] &amp#27;[0;39m&amp#27;[36morg.hibernate.type.BasicTypeRegistry    &amp#27;[0;39m &amp#27;[2m:&amp#27;[0;39m Adding type registration nclob -> org.hibernate.type.BasicTypeReference@79ab97fd
&amp#27;[2m2024-12-07T10:21:09.487-03:00&amp#27;[0;39m &amp#27;[32mDEBUG&amp#27;[0;39m &amp#27;[35m19392&amp#27;[0;39m &amp#27;[2m--- [           main] &amp#27;[0;39m&amp#27;[36morg.hibernate.type.BasicTypeRegistry    &amp#27;[0;39m &amp#27;[2m:&amp#27;[0;39m Adding type registration java.sql.NClob -> org.hibernate.type.BasicTypeReference@79ab97fd
&amp#27;[2m2024-12-07T10:21:09.487-03:00&amp#27;[0;39m &amp#27;[32mDEBUG&amp#27;[0;39m &amp#27;[35m19392&amp#27;[0;39m &amp#27;[2m--- [           main] &amp#27;[0;39m&amp#27;[36morg.hibernate.type.BasicTypeRegistry    &amp#27;[0;39m &amp#27;[2m:&amp#27;[0;39m Adding type registration materialized_clob -> org.hibernate.type.BasicTypeReference@3a9b41a0
&amp#27;[2m2024-12-07T10:21:09.488-03:00&amp#27;[0;39m &amp#27;[32mDEBUG&amp#27;[0;39m &amp#27;[35m19392&amp#27;[0;39m &amp#27;[2m--- [           main] &amp#27;[0;39m&amp#27;[36morg.hibernate.type.BasicTypeRegistry    &amp#27;[0;39m &amp#27;[2m:&amp#27;[0;39m Adding type registration materialized_clob_char_array -> org.hibernate.type.BasicTypeReference@5fe46d52
&amp#27;[2m2024-12-07T10:21:09.488-03:00&amp#27;[0;39m &amp#27;[32mDEBUG&amp#27;[0;39m &amp#27;[35m19392&amp#27;[0;39m &amp#27;[2m--- [           main] &amp#27;[0;39m&amp#27;[36morg.hibernate.type.BasicTypeRegistry    &amp#27;[0;39m &amp#27;[2m:&amp#27;[0;39m Adding type registration materialized_clob_character_array -> org.hibernate.type.BasicTypeReference@448ade1
&amp#27;[2m2024-12-07T10:21:09.488-03:00&amp#27;[0;39m &amp#27;[32mDEBUG&amp#27;[0;39m &amp#27;[35m19392&amp#27;[0;39m &amp#27;[2m--- [           main] &amp#27;[0;39m&amp#27;[36morg.hibernate.type.BasicTypeRegistry    &amp#27;[0;39m &amp#27;[2m:&amp#27;[0;39m Adding type registration materialized_nclob -> org.hibernate.type.BasicTypeReference@21f9c6ea
&amp#27;[2m2024-12-07T10:21:09.488-03:00&amp#27;[0;39m &amp#27;[32mDEBUG&amp#27;[0;39m &amp#27;[35m19392&amp#27;[0;39m &amp#27;[2m--- [           main] &amp#27;[0;39m&amp#27;[36morg.hibernate.type.BasicTypeRegistry    &amp#27;[0;39m &amp#27;[2m:&amp#27;[0;39m Adding type registration materialized_nclob_character_array -> org.hibernate.type.BasicTypeReference@418f0534
&amp#27;[2m2024-12-07T10:21:09.488-03:00&amp#27;[0;39m &amp#27;[32mDEBUG&amp#27;[0;39m &amp#27;[35m19392&amp#27;[0;39m &amp#27;[2m--- [           main] &amp#27;[0;39m&amp#27;[36morg.hibernate.type.BasicTypeRegistry    &amp#27;[0;39m &amp#27;[2m:&amp#27;[0;39m Adding type registration materialized_nclob_char_array -> org.hibernate.type.BasicTypeReference@3dfd7eaa
&amp#27;[2m2024-12-07T10:21:09.489-03:00&amp#27;[0;39m &amp#27;[32mDEBUG&amp#27;[0;39m &amp#27;[35m19392&amp#27;[0;39m &amp#27;[2m--- [           main] &amp#27;[0;39m&amp#27;[36morg.hibernate.type.BasicTypeRegistry    &amp#27;[0;39m &amp#27;[2m:&amp#27;[0;39m Adding type registration Duration -> org.hibernate.type.BasicTypeReference@7c9beb51
&amp#27;[2m2024-12-07T10:21:09.489-03:00&amp#27;[0;39m &amp#27;[32mDEBUG&amp#27;[0;39m &amp#27;[35m19392&amp#27;[0;39m &amp#27;[2m--- [           main] &amp#27;[0;39m&amp#27;[36morg.hibernate.type.BasicTypeRegistry    &amp#27;[0;39m &amp#27;[2m:&amp#27;[0;39m Adding type registration java.time.Duration -> org.hibernate.type.BasicTypeReference@7c9beb51
&amp#27;[2m2024-12-07T10:21:09.489-03:00&amp#27;[0;39m &amp#27;[32mDEBUG&amp#27;[0;39m &amp#27;[35m19392&amp#27;[0;39m &amp#27;[2m--- [           main] &amp#27;[0;39m&amp#27;[36morg.hibernate.type.BasicTypeRegistry    &amp#27;[0;39m &amp#27;[2m:&amp#27;[0;39m Adding type registration LocalDateTime -> org.hibernate.type.BasicTypeReference@133aacbe
&amp#27;[2m2024-12-07T10:21:09.489-03:00&amp#27;[0;39m &amp#27;[32mDEBUG&amp#27;[0;39m &amp#27;[35m19392&amp#27;[0;39m &amp#27;[2m--- [           main] &amp#27;[0;39m&amp#27;[36morg.hibernate.type.BasicTypeRegistry    &amp#27;[0;39m &amp#27;[2m:&amp#27;[0;39m Adding type registration java.time.LocalDateTime -> org.hibernate.type.BasicTypeReference@133aacbe
&amp#27;[2m2024-12-07T10:21:09.489-03:00&amp#27;[0;39m &amp#27;[32mDEBUG&amp#27;[0;39m &amp#27;[35m19392&amp#27;[0;39m &amp#27;[2m--- [           main] &amp#27;[0;39m&amp#27;[36morg.hibernate.type.BasicTypeRegistry    &amp#27;[0;39m &amp#27;[2m:&amp#27;[0;39m Adding type registration LocalDate -> org.hibernate.type.BasicTypeReference@2aa5bd48
&amp#27;[2m2024-12-07T10:21:09.489-03:00&amp#27;[0;39m &amp#27;[32mDEBUG&amp#27;[0;39m &amp#27;[35m19392&amp#27;[0;39m &amp#27;[2m--- [           main] &amp#27;[0;39m&amp#27;[36morg.hibernate.type.BasicTypeRegistry    &amp#27;[0;39m &amp#27;[2m:&amp#27;[0;39m Adding type registration java.time.LocalDate -> org.hibernate.type.BasicTypeReference@2aa5bd48
&amp#27;[2m2024-12-07T10:21:09.490-03:00&amp#27;[0;39m &amp#27;[32mDEBUG&amp#27;[0;39m &amp#27;[35m19392&amp#27;[0;39m &amp#27;[2m--- [           main] &amp#27;[0;39m&amp#27;[36morg.hibernate.type.BasicTypeRegistry    &amp#27;[0;39m &amp#27;[2m:&amp#27;[0;39m Adding type registration LocalTime -> org.hibernate.type.BasicTypeReference@7cfb8e98
&amp#27;[2m2024-12-07T10:21:09.490-03:00&amp#27;[0;39m &amp#27;[32mDEBUG&amp#27;[0;39m &amp#27;[35m19392&amp#27;[0;39m &amp#27;[2m--- [           main] &amp#27;[0;39m&amp#27;[36morg.hibernate.type.BasicTypeRegistry    &amp#27;[0;39m &amp#27;[2m:&amp#27;[0;39m Adding type registration java.time.LocalTime -> org.hibernate.type.BasicTypeReference@7cfb8e98
&amp#27;[2m2024-12-07T10:21:09.490-03:00&amp#27;[0;39m &amp#27;[32mDEBUG&amp#27;[0;39m &amp#27;[35m19392&amp#27;[0;39m &amp#27;[2m--- [           main] &amp#27;[0;39m&amp#27;[36morg.hibernate.type.BasicTypeRegistry    &amp#27;[0;39m &amp#27;[2m:&amp#27;[0;39m Adding type registration OffsetDateTime -> org.hibernate.type.BasicTypeReference@5f193335
&amp#27;[2m2024-12-07T10:21:09.490-03:00&amp#27;[0;39m &amp#27;[32mDEBUG&amp#27;[0;39m &amp#27;[35m19392&amp#27;[0;39m &amp#27;[2m--- [           main] &amp#27;[0;39m&amp#27;[36morg.hibernate.type.BasicTypeRegistry    &amp#27;[0;39m &amp#27;[2m:&amp#27;[0;39m Adding type registration java.time.OffsetDateTime -> org.hibernate.type.BasicTypeReference@5f193335
&amp#27;[2m2024-12-07T10:21:09.490-03:00&amp#27;[0;39m &amp#27;[32mDEBUG&amp#27;[0;39m &amp#27;[35m19392&amp#27;[0;39m &amp#27;[2m--- [           main] &amp#27;[0;39m&amp#27;[36morg.hibernate.type.BasicTypeRegistry    &amp#27;[0;39m &amp#27;[2m:&amp#27;[0;39m Adding type registration OffsetDateTimeWithTimezone -> org.hibernate.type.BasicTypeReference@19002b34
&amp#27;[2m2024-12-07T10:21:09.490-03:00&amp#27;[0;39m &amp#27;[32mDEBUG&amp#27;[0;39m &amp#27;[35m19392&amp#27;[0;39m &amp#27;[2m--- [           main] &amp#27;[0;39m&amp#27;[36morg.hibernate.type.BasicTypeRegistry    &amp#27;[0;39m &amp#27;[2m:&amp#27;[0;39m Adding type registration OffsetDateTimeWithoutTimezone -> org.hibernate.type.BasicTypeReference@1ec88aa1
&amp#27;[2m2024-12-07T10:21:09.491-03:00&amp#27;[0;39m &amp#27;[32mDEBUG&amp#27;[0;39m &amp#27;[35m19392&amp#27;[0;39m &amp#27;[2m--- [           main] &amp#27;[0;39m&amp#27;[36morg.hibernate.type.BasicTypeRegistry    &amp#27;[0;39m &amp#27;[2m:&amp#27;[0;39m Adding type registration OffsetTime -> org.hibernate.type.BasicTypeReference@3e6748ae
&amp#27;[2m2024-12-07T10:21:09.491-03:00&amp#27;[0;39m &amp#27;[32mDEBUG&amp#27;[0;39m &amp#27;[35m19392&amp#27;[0;39m &amp#27;[2m--- [           main] &amp#27;[0;39m&amp#27;[36morg.hibernate.type.BasicTypeRegistry    &amp#27;[0;39m &amp#27;[2m:&amp#27;[0;39m Adding type registration java.time.OffsetTime -> org.hibernate.type.BasicTypeReference@3e6748ae
&amp#27;[2m2024-12-07T10:21:09.491-03:00&amp#27;[0;39m &amp#27;[32mDEBUG&amp#27;[0;39m &amp#27;[35m19392&amp#27;[0;39m &amp#27;[2m--- [           main] &amp#27;[0;39m&amp#27;[36morg.hibernate.type.BasicTypeRegistry    &amp#27;[0;39m &amp#27;[2m:&amp#27;[0;39m Adding type registration OffsetTimeUtc -> org.hibernate.type.BasicTypeReference@28f154cc
&amp#27;[2m2024-12-07T10:21:09.491-03:00&amp#27;[0;39m &amp#27;[32mDEBUG&amp#27;[0;39m &amp#27;[35m19392&amp#27;[0;39m &amp#27;[2m--- [           main] &amp#27;[0;39m&amp#27;[36morg.hibernate.type.BasicTypeRegistry    &amp#27;[0;39m &amp#27;[2m:&amp#27;[0;39m Adding type registration OffsetTimeWithTimezone -> org.hibernate.type.BasicTypeReference@3030836d
&amp#27;[2m2024-12-07T10:21:09.491-03:00&amp#27;[0;39m &amp#27;[32mDEBUG&amp#27;[0;39m &amp#27;[35m19392&amp#27;[0;39m &amp#27;[2m--- [           main] &amp#27;[0;39m&amp#27;[36morg.hibernate.type.BasicTypeRegistry    &amp#27;[0;39m &amp#27;[2m:&amp#27;[0;39m Adding type registration OffsetTimeWithoutTimezone -> org.hibernate.type.BasicTypeReference@6af78a48
&amp#27;[2m2024-12-07T10:21:09.492-03:00&amp#27;[0;39m &amp#27;[32mDEBUG&amp#27;[0;39m &amp#27;[35m19392&amp#27;[0;39m &amp#27;[2m--- [           main] &amp#27;[0;39m&amp#27;[36morg.hibernate.type.BasicTypeRegistry    &amp#27;[0;39m &amp#27;[2m:&amp#27;[0;39m Adding type registration ZonedDateTime -> org.hibernate.type.BasicTypeReference@6ed18d80
&amp#27;[2m2024-12-07T10:21:09.492-03:00&amp#27;[0;39m &amp#27;[32mDEBUG&amp#27;[0;39m &amp#27;[35m19392&amp#27;[0;39m &amp#27;[2m--- [           main] &amp#27;[0;39m&amp#27;[36morg.hibernate.type.BasicTypeRegistry    &amp#27;[0;39m &amp#27;[2m:&amp#27;[0;39m Adding type registration java.time.ZonedDateTime -> org.hibernate.type.BasicTypeReference@6ed18d80
&amp#27;[2m2024-12-07T10:21:09.492-03:00&amp#27;[0;39m &amp#27;[32mDEBUG&amp#27;[0;39m &amp#27;[35m19392&amp#27;[0;39m &amp#27;[2m--- [           main] &amp#27;[0;39m&amp#27;[36morg.hibernate.type.BasicTypeRegistry    &amp#27;[0;39m &amp#27;[2m:&amp#27;[0;39m Adding type registration ZonedDateTimeWithTimezone -> org.hibernate.type.BasicTypeReference@4c24f3a2
&amp#27;[2m2024-12-07T10:21:09.492-03:00&amp#27;[0;39m &amp#27;[32mDEBUG&amp#27;[0;39m &amp#27;[35m19392&amp#27;[0;39m &amp#27;[2m--- [           main] &amp#27;[0;39m&amp#27;[36morg.hibernate.type.BasicTypeRegistry    &amp#27;[0;39m &amp#27;[2m:&amp#27;[0;39m Adding type registration ZonedDateTimeWithoutTimezone -> org.hibernate.type.BasicTypeReference@783b3aa0
&amp#27;[2m2024-12-07T10:21:09.492-03:00&amp#27;[0;39m &amp#27;[32mDEBUG&amp#27;[0;39m &amp#27;[35m19392&amp#27;[0;39m &amp#27;[2m--- [           main] &amp#27;[0;39m&amp#27;[36morg.hibernate.type.BasicTypeRegistry    &amp#27;[0;39m &amp#27;[2m:&amp#27;[0;39m Adding type registration date -> org.hibernate.type.BasicTypeReference@2ec85a25
&amp#27;[2m2024-12-07T10:21:09.492-03:00&amp#27;[0;39m &amp#27;[32mDEBUG&amp#27;[0;39m &amp#27;[35m19392&amp#27;[0;39m &amp#27;[2m--- [           main] &amp#27;[0;39m&amp#27;[36morg.hibernate.type.BasicTypeRegistry    &amp#27;[0;39m &amp#27;[2m:&amp#27;[0;39m Adding type registration java.sql.Date -> org.hibernate.type.BasicTypeReference@2ec85a25
&amp#27;[2m2024-12-07T10:21:09.492-03:00&amp#27;[0;39m &amp#27;[32mDEBUG&amp#27;[0;39m &amp#27;[35m19392&amp#27;[0;39m &amp#27;[2m--- [           main] &amp#27;[0;39m&amp#27;[36morg.hibernate.type.BasicTypeRegistry    &amp#27;[0;39m &amp#27;[2m:&amp#27;[0;39m Adding type registration time -> org.hibernate.type.BasicTypeReference@4c176ff1
&amp#27;[2m2024-12-07T10:21:09.493-03:00&amp#27;[0;39m &amp#27;[32mDEBUG&amp#27;[0;39m &amp#27;[35m19392&amp#27;[0;39m &amp#27;[2m--- [           main] &amp#27;[0;39m&amp#27;[36morg.hibernate.type.BasicTypeRegistry    &amp#27;[0;39m &amp#27;[2m:&amp#27;[0;39m Adding type registration java.sql.Time -> org.hibernate.type.BasicTypeReference@4c176ff1
&amp#27;[2m2024-12-07T10:21:09.493-03:00&amp#27;[0;39m &amp#27;[32mDEBUG&amp#27;[0;39m &amp#27;[35m19392&amp#27;[0;39m &amp#27;[2m--- [           main] &amp#27;[0;39m&amp#27;[36morg.hibernate.type.BasicTypeRegistry    &amp#27;[0;39m &amp#27;[2m:&amp#27;[0;39m Adding type registration timestamp -> org.hibernate.type.BasicTypeReference@27c53c32
&amp#27;[2m2024-12-07T10:21:09.493-03:00&amp#27;[0;39m &amp#27;[32mDEBUG&amp#27;[0;39m &amp#27;[35m19392&amp#27;[0;39m &amp#27;[2m--- [           main] &amp#27;[0;39m&amp#27;[36morg.hibernate.type.BasicTypeRegistry    &amp#27;[0;39m &amp#27;[2m:&amp#27;[0;39m Adding type registration java.sql.Timestamp -> org.hibernate.type.BasicTypeReference@27c53c32
&amp#27;[2m2024-12-07T10:21:09.493-03:00&amp#27;[0;39m &amp#27;[32mDEBUG&amp#27;[0;39m &amp#27;[35m19392&amp#27;[0;39m &amp#27;[2m--- [           main] &amp#27;[0;39m&amp#27;[36morg.hibernate.type.BasicTypeRegistry    &amp#27;[0;39m &amp#27;[2m:&amp#27;[0;39m Adding type registration java.util.Date -> org.hibernate.type.BasicTypeReference@27c53c32
&amp#27;[2m2024-12-07T10:21:09.493-03:00&amp#27;[0;39m &amp#27;[32mDEBUG&amp#27;[0;39m &amp#27;[35m19392&amp#27;[0;39m &amp#27;[2m--- [           main] &amp#27;[0;39m&amp#27;[36morg.hibernate.type.BasicTypeRegistry    &amp#27;[0;39m &amp#27;[2m:&amp#27;[0;39m Adding type registration calendar -> org.hibernate.type.BasicTypeReference@68aec50
&amp#27;[2m2024-12-07T10:21:09.493-03:00&amp#27;[0;39m &amp#27;[32mDEBUG&amp#27;[0;39m &amp#27;[35m19392&amp#27;[0;39m &amp#27;[2m--- [           main] &amp#27;[0;39m&amp#27;[36morg.hibernate.type.BasicTypeRegistry    &amp#27;[0;39m &amp#27;[2m:&amp#27;[0;39m Adding type registration java.util.Calendar -> org.hibernate.type.BasicTypeReference@68aec50
&amp#27;[2m2024-12-07T10:21:09.494-03:00&amp#27;[0;39m &amp#27;[32mDEBUG&amp#27;[0;39m &amp#27;[35m19392&amp#27;[0;39m &amp#27;[2m--- [           main] &amp#27;[0;39m&amp#27;[36morg.hibernate.type.BasicTypeRegistry    &amp#27;[0;39m &amp#27;[2m:&amp#27;[0;39m Adding type registration java.util.GregorianCalendar -> org.hibernate.type.BasicTypeReference@68aec50
&amp#27;[2m2024-12-07T10:21:09.494-03:00&amp#27;[0;39m &amp#27;[32mDEBUG&amp#27;[0;39m &amp#27;[35m19392&amp#27;[0;39m &amp#27;[2m--- [           main] &amp#27;[0;39m&amp#27;[36morg.hibernate.type.BasicTypeRegistry    &amp#27;[0;39m &amp#27;[2m:&amp#27;[0;39m Adding type registration calendar_date -> org.hibernate.type.BasicTypeReference@6aff97d6
&amp#27;[2m2024-12-07T10:21:09.494-03:00&amp#27;[0;39m &amp#27;[32mDEBUG&amp#27;[0;39m &amp#27;[35m19392&amp#27;[0;39m &amp#27;[2m--- [           main] &amp#27;[0;39m&amp#27;[36morg.hibernate.type.BasicTypeRegistry    &amp#27;[0;39m &amp#27;[2m:&amp#27;[0;39m Adding type registration calendar_time -> org.hibernate.type.BasicTypeReference@1d60059f
&amp#27;[2m2024-12-07T10:21:09.494-03:00&amp#27;[0;39m &amp#27;[32mDEBUG&amp#27;[0;39m &amp#27;[35m19392&amp#27;[0;39m &amp#27;[2m--- [           main] &amp#27;[0;39m&amp#27;[36morg.hibernate.type.BasicTypeRegistry    &amp#27;[0;39m &amp#27;[2m:&amp#27;[0;39m Adding type registration instant -> org.hibernate.type.BasicTypeReference@134a8ead
&amp#27;[2m2024-12-07T10:21:09.494-03:00&amp#27;[0;39m &amp#27;[32mDEBUG&amp#27;[0;39m &amp#27;[35m19392&amp#27;[0;39m &amp#27;[2m--- [           main] &amp#27;[0;39m&amp#27;[36morg.hibernate.type.BasicTypeRegistry    &amp#27;[0;39m &amp#27;[2m:&amp#27;[0;39m Adding type registration java.time.Instant -> org.hibernate.type.BasicTypeReference@134a8ead
&amp#27;[2m2024-12-07T10:21:09.494-03:00&amp#27;[0;39m &amp#27;[32mDEBUG&amp#27;[0;39m &amp#27;[35m19392&amp#27;[0;39m &amp#27;[2m--- [           main] &amp#27;[0;39m&amp#27;[36morg.hibernate.type.BasicTypeRegistry    &amp#27;[0;39m &amp#27;[2m:&amp#27;[0;39m Adding type registration uuid -> org.hibernate.type.BasicTypeReference@427308f8
&amp#27;[2m2024-12-07T10:21:09.495-03:00&amp#27;[0;39m &amp#27;[32mDEBUG&amp#27;[0;39m &amp#27;[35m19392&amp#27;[0;39m &amp#27;[2m--- [           main] &amp#27;[0;39m&amp#27;[36morg.hibernate.type.BasicTypeRegistry    &amp#27;[0;39m &amp#27;[2m:&amp#27;[0;39m Adding type registration java.util.UUID -> org.hibernate.type.BasicTypeReference@427308f8
&amp#27;[2m2024-12-07T10:21:09.495-03:00&amp#27;[0;39m &amp#27;[32mDEBUG&amp#27;[0;39m &amp#27;[35m19392&amp#27;[0;39m &amp#27;[2m--- [           main] &amp#27;[0;39m&amp#27;[36morg.hibernate.type.BasicTypeRegistry    &amp#27;[0;39m &amp#27;[2m:&amp#27;[0;39m Adding type registration pg-uuid -> org.hibernate.type.BasicTypeReference@427308f8
&amp#27;[2m2024-12-07T10:21:09.495-03:00&amp#27;[0;39m &amp#27;[32mDEBUG&amp#27;[0;39m &amp#27;[35m19392&amp#27;[0;39m &amp#27;[2m--- [           main] &amp#27;[0;39m&amp#27;[36morg.hibernate.type.BasicTypeRegistry    &amp#27;[0;39m &amp#27;[2m:&amp#27;[0;39m Adding type registration uuid-binary -> org.hibernate.type.BasicTypeReference@54247647
&amp#27;[2m2024-12-07T10:21:09.495-03:00&amp#27;[0;39m &amp#27;[32mDEBUG&amp#27;[0;39m &amp#27;[35m19392&amp#27;[0;39m &amp#27;[2m--- [           main] &amp#27;[0;39m&amp#27;[36morg.hibernate.type.BasicTypeRegistry    &amp#27;[0;39m &amp#27;[2m:&amp#27;[0;39m Adding type registration uuid-char -> org.hibernate.type.BasicTypeReference@4975dda1
&amp#27;[2m2024-12-07T10:21:09.495-03:00&amp#27;[0;39m &amp#27;[32mDEBUG&amp#27;[0;39m &amp#27;[35m19392&amp#27;[0;39m &amp#27;[2m--- [           main] &amp#27;[0;39m&amp#27;[36morg.hibernate.type.BasicTypeRegistry    &amp#27;[0;39m &amp#27;[2m:&amp#27;[0;39m Adding type registration class -> org.hibernate.type.BasicTypeReference@e0d1dc4
&amp#27;[2m2024-12-07T10:21:09.495-03:00&amp#27;[0;39m &amp#27;[32mDEBUG&amp#27;[0;39m &amp#27;[35m19392&amp#27;[0;39m &amp#27;[2m--- [           main] &amp#27;[0;39m&amp#27;[36morg.hibernate.type.BasicTypeRegistry    &amp#27;[0;39m &amp#27;[2m:&amp#27;[0;39m Adding type registration java.lang.Class -> org.hibernate.type.BasicTypeReference@e0d1dc4
&amp#27;[2m2024-12-07T10:21:09.496-03:00&amp#27;[0;39m &amp#27;[32mDEBUG&amp#27;[0;39m &amp#27;[35m19392&amp#27;[0;39m &amp#27;[2m--- [           main] &amp#27;[0;39m&amp#27;[36morg.hibernate.type.BasicTypeRegistry    &amp#27;[0;39m &amp#27;[2m:&amp#27;[0;39m Adding type registration currency -> org.hibernate.type.BasicTypeReference@5463f035
&amp#27;[2m2024-12-07T10:21:09.496-03:00&amp#27;[0;39m &amp#27;[32mDEBUG&amp#27;[0;39m &amp#27;[35m19392&amp#27;[0;39m &amp#27;[2m--- [           main] &amp#27;[0;39m&amp#27;[36morg.hibernate.type.BasicTypeRegistry    &amp#27;[0;39m &amp#27;[2m:&amp#27;[0;39m Adding type registration Currency -> org.hibernate.type.BasicTypeReference@5463f035
&amp#27;[2m2024-12-07T10:21:09.496-03:00&amp#27;[0;39m &amp#27;[32mDEBUG&amp#27;[0;39m &amp#27;[35m19392&amp#27;[0;39m &amp#27;[2m--- [           main] &amp#27;[0;39m&amp#27;[36morg.hibernate.type.BasicTypeRegistry    &amp#27;[0;39m &amp#27;[2m:&amp#27;[0;39m Adding type registration java.util.Currency -> org.hibernate.type.BasicTypeReference@5463f035
&amp#27;[2m2024-12-07T10:21:09.496-03:00&amp#27;[0;39m &amp#27;[32mDEBUG&amp#27;[0;39m &amp#27;[35m19392&amp#27;[0;39m &amp#27;[2m--- [           main] &amp#27;[0;39m&amp#27;[36morg.hibernate.type.BasicTypeRegistry    &amp#27;[0;39m &amp#27;[2m:&amp#27;[0;39m Adding type registration locale -> org.hibernate.type.BasicTypeReference@230232b0
&amp#27;[2m2024-12-07T10:21:09.496-03:00&amp#27;[0;39m &amp#27;[32mDEBUG&amp#27;[0;39m &amp#27;[35m19392&amp#27;[0;39m &amp#27;[2m--- [           main] &amp#27;[0;39m&amp#27;[36morg.hibernate.type.BasicTypeRegistry    &amp#27;[0;39m &amp#27;[2m:&amp#27;[0;39m Adding type registration java.util.Locale -> org.hibernate.type.BasicTypeReference@230232b0
&amp#27;[2m2024-12-07T10:21:09.496-03:00&amp#27;[0;39m &amp#27;[32mDEBUG&amp#27;[0;39m &amp#27;[35m19392&amp#27;[0;39m &amp#27;[2m--- [           main] &amp#27;[0;39m&amp#27;[36morg.hibernate.type.BasicTypeRegistry    &amp#27;[0;39m &amp#27;[2m:&amp#27;[0;39m Adding type registration serializable -> org.hibernate.type.BasicTypeReference@44fd7ba4
&amp#27;[2m2024-12-07T10:21:09.497-03:00&amp#27;[0;39m &amp#27;[32mDEBUG&amp#27;[0;39m &amp#27;[35m19392&amp#27;[0;39m &amp#27;[2m--- [           main] &amp#27;[0;39m&amp#27;[36morg.hibernate.type.BasicTypeRegistry    &amp#27;[0;39m &amp#27;[2m:&amp#27;[0;39m Adding type registration java.io.Serializable -> org.hibernate.type.BasicTypeReference@44fd7ba4
&amp#27;[2m2024-12-07T10:21:09.497-03:00&amp#27;[0;39m &amp#27;[32mDEBUG&amp#27;[0;39m &amp#27;[35m19392&amp#27;[0;39m &amp#27;[2m--- [           main] &amp#27;[0;39m&amp#27;[36morg.hibernate.type.BasicTypeRegistry    &amp#27;[0;39m &amp#27;[2m:&amp#27;[0;39m Adding type registration timezone -> org.hibernate.type.BasicTypeReference@22f8adc2
&amp#27;[2m2024-12-07T10:21:09.497-03:00&amp#27;[0;39m &amp#27;[32mDEBUG&amp#27;[0;39m &amp#27;[35m19392&amp#27;[0;39m &amp#27;[2m--- [           main] &amp#27;[0;39m&amp#27;[36morg.hibernate.type.BasicTypeRegistry    &amp#27;[0;39m &amp#27;[2m:&amp#27;[0;39m Adding type registration java.util.TimeZone -> org.hibernate.type.BasicTypeReference@22f8adc2
&amp#27;[2m2024-12-07T10:21:09.497-03:00&amp#27;[0;39m &amp#27;[32mDEBUG&amp#27;[0;39m &amp#27;[35m19392&amp#27;[0;39m &amp#27;[2m--- [           main] &amp#27;[0;39m&amp#27;[36morg.hibernate.type.BasicTypeRegistry    &amp#27;[0;39m &amp#27;[2m:&amp#27;[0;39m Adding type registration ZoneOffset -> org.hibernate.type.BasicTypeReference@69d103f0
&amp#27;[2m2024-12-07T10:21:09.497-03:00&amp#27;[0;39m &amp#27;[32mDEBUG&amp#27;[0;39m &amp#27;[35m19392&amp#27;[0;39m &amp#27;[2m--- [           main] &amp#27;[0;39m&amp#27;[36morg.hibernate.type.BasicTypeRegistry    &amp#27;[0;39m &amp#27;[2m:&amp#27;[0;39m Adding type registration java.time.ZoneOffset -> org.hibernate.type.BasicTypeReference@69d103f0
&amp#27;[2m2024-12-07T10:21:09.498-03:00&amp#27;[0;39m &amp#27;[32mDEBUG&amp#27;[0;39m &amp#27;[35m19392&amp#27;[0;39m &amp#27;[2m--- [           main] &amp#27;[0;39m&amp#27;[36morg.hibernate.type.BasicTypeRegistry    &amp#27;[0;39m &amp#27;[2m:&amp#27;[0;39m Adding type registration url -> org.hibernate.type.BasicTypeReference@5b742bc8
&amp#27;[2m2024-12-07T10:21:09.498-03:00&amp#27;[0;39m &amp#27;[32mDEBUG&amp#27;[0;39m &amp#27;[35m19392&amp#27;[0;39m &amp#27;[2m--- [           main] &amp#27;[0;39m&amp#27;[36morg.hibernate.type.BasicTypeRegistry    &amp#27;[0;39m &amp#27;[2m:&amp#27;[0;39m Adding type registration java.net.URL -> org.hibernate.type.BasicTypeReference@5b742bc8
&amp#27;[2m2024-12-07T10:21:09.498-03:00&amp#27;[0;39m &amp#27;[32mDEBUG&amp#27;[0;39m &amp#27;[35m19392&amp#27;[0;39m &amp#27;[2m--- [           main] &amp#27;[0;39m&amp#27;[36morg.hibernate.type.BasicTypeRegistry    &amp#27;[0;39m &amp#27;[2m:&amp#27;[0;39m Adding type registration vector -> org.hibernate.type.BasicTypeReference@74fb5b59
&amp#27;[2m2024-12-07T10:21:09.498-03:00&amp#27;[0;39m &amp#27;[32mDEBUG&amp#27;[0;39m &amp#27;[35m19392&amp#27;[0;39m &amp#27;[2m--- [           main] &amp#27;[0;39m&amp#27;[36morg.hibernate.type.BasicTypeRegistry    &amp#27;[0;39m &amp#27;[2m:&amp#27;[0;39m Adding type registration float_vector -> org.hibernate.type.BasicTypeReference@130a6eb9
&amp#27;[2m2024-12-07T10:21:09.498-03:00&amp#27;[0;39m &amp#27;[32mDEBUG&amp#27;[0;39m &amp#27;[35m19392&amp#27;[0;39m &amp#27;[2m--- [           main] &amp#27;[0;39m&amp#27;[36morg.hibernate.type.BasicTypeRegistry    &amp#27;[0;39m &amp#27;[2m:&amp#27;[0;39m Adding type registration double_vector -> org.hibernate.type.BasicTypeReference@722531ab
&amp#27;[2m2024-12-07T10:21:09.499-03:00&amp#27;[0;39m &amp#27;[32mDEBUG&amp#27;[0;39m &amp#27;[35m19392&amp#27;[0;39m &amp#27;[2m--- [           main] &amp#27;[0;39m&amp#27;[36morg.hibernate.type.BasicTypeRegistry    &amp#27;[0;39m &amp#27;[2m:&amp#27;[0;39m Adding type registration byte_vector -> org.hibernate.type.BasicTypeReference@8f57e4c
&amp#27;[2m2024-12-07T10:21:09.499-03:00&amp#27;[0;39m &amp#27;[32mDEBUG&amp#27;[0;39m &amp#27;[35m19392&amp#27;[0;39m &amp#27;[2m--- [           main] &amp#27;[0;39m&amp#27;[36morg.hibernate.type.BasicTypeRegistry    &amp#27;[0;39m &amp#27;[2m:&amp#27;[0;39m Adding type registration row_version -> org.hibernate.type.BasicTypeReference@26fadd98
&amp#27;[2m2024-12-07T10:21:09.531-03:00&amp#27;[0;39m &amp#27;[32mDEBUG&amp#27;[0;39m &amp#27;[35m19392&amp#27;[0;39m &amp#27;[2m--- [           main] &amp#27;[0;39m&amp#27;[36morg.hibernate.type.BasicTypeRegistry    &amp#27;[0;39m &amp#27;[2m:&amp#27;[0;39m Adding type registration object -> org.hibernate.type.JavaObjectType@dada335
&amp#27;[2m2024-12-07T10:21:09.531-03:00&amp#27;[0;39m &amp#27;[32mDEBUG&amp#27;[0;39m &amp#27;[35m19392&amp#27;[0;39m &amp#27;[2m--- [           main] &amp#27;[0;39m&amp#27;[36morg.hibernate.type.BasicTypeRegistry    &amp#27;[0;39m &amp#27;[2m:&amp#27;[0;39m Adding type registration java.lang.Object -> org.hibernate.type.JavaObjectType@dada335
&amp#27;[2m2024-12-07T10:21:09.536-03:00&amp#27;[0;39m &amp#27;[32mDEBUG&amp#27;[0;39m &amp#27;[35m19392&amp#27;[0;39m &amp#27;[2m--- [           main] &amp#27;[0;39m&amp#27;[36morg.hibernate.type.BasicTypeRegistry    &amp#27;[0;39m &amp#27;[2m:&amp#27;[0;39m Adding type registration null -> org.hibernate.type.NullType@17fbfb02
&amp#27;[2m2024-12-07T10:21:09.536-03:00&amp#27;[0;39m &amp#27;[32mDEBUG&amp#27;[0;39m &amp#27;[35m19392&amp#27;[0;39m &amp#27;[2m--- [           main] &amp#27;[0;39m&amp#27;[36morg.hibernate.type.BasicTypeRegistry    &amp#27;[0;39m &amp#27;[2m:&amp#27;[0;39m Adding type registration imm_date -> org.hibernate.type.BasicTypeReference@8f2e3e6
&amp#27;[2m2024-12-07T10:21:09.536-03:00&amp#27;[0;39m &amp#27;[32mDEBUG&amp#27;[0;39m &amp#27;[35m19392&amp#27;[0;39m &amp#27;[2m--- [           main] &amp#27;[0;39m&amp#27;[36morg.hibernate.type.BasicTypeRegistry    &amp#27;[0;39m &amp#27;[2m:&amp#27;[0;39m Adding type registration imm_time -> org.hibernate.type.BasicTypeReference@6f315b08
&amp#27;[2m2024-12-07T10:21:09.536-03:00&amp#27;[0;39m &amp#27;[32mDEBUG&amp#27;[0;39m &amp#27;[35m19392&amp#27;[0;39m &amp#27;[2m--- [           main] &amp#27;[0;39m&amp#27;[36morg.hibernate.type.BasicTypeRegistry    &amp#27;[0;39m &amp#27;[2m:&amp#27;[0;39m Adding type registration imm_timestamp -> org.hibernate.type.BasicTypeReference@6c8efde4
&amp#27;[2m2024-12-07T10:21:09.536-03:00&amp#27;[0;39m &amp#27;[32mDEBUG&amp#27;[0;39m &amp#27;[35m19392&amp#27;[0;39m &amp#27;[2m--- [           main] &amp#27;[0;39m&amp#27;[36morg.hibernate.type.BasicTypeRegistry    &amp#27;[0;39m &amp#27;[2m:&amp#27;[0;39m Adding type registration imm_calendar -> org.hibernate.type.BasicTypeReference@24e5389c
&amp#27;[2m2024-12-07T10:21:09.537-03:00&amp#27;[0;39m &amp#27;[32mDEBUG&amp#27;[0;39m &amp#27;[35m19392&amp#27;[0;39m &amp#27;[2m--- [           main] &amp#27;[0;39m&amp#27;[36morg.hibernate.type.BasicTypeRegistry    &amp#27;[0;39m &amp#27;[2m:&amp#27;[0;39m Adding type registration imm_calendar_date -> org.hibernate.type.BasicTypeReference@3b170235
&amp#27;[2m2024-12-07T10:21:09.537-03:00&amp#27;[0;39m &amp#27;[32mDEBUG&amp#27;[0;39m &amp#27;[35m19392&amp#27;[0;39m &amp#27;[2m--- [           main] &amp#27;[0;39m&amp#27;[36morg.hibernate.type.BasicTypeRegistry    &amp#27;[0;39m &amp#27;[2m:&amp#27;[0;39m Adding type registration imm_calendar_time -> org.hibernate.type.BasicTypeReference@5e9bf744
&amp#27;[2m2024-12-07T10:21:09.537-03:00&amp#27;[0;39m &amp#27;[32mDEBUG&amp#27;[0;39m &amp#27;[35m19392&amp#27;[0;39m &amp#27;[2m--- [           main] &amp#27;[0;39m&amp#27;[36morg.hibernate.type.BasicTypeRegistry    &amp#27;[0;39m &amp#27;[2m:&amp#27;[0;39m Adding type registration imm_binary -> org.hibernate.type.BasicTypeReference@45e140ae
&amp#27;[2m2024-12-07T10:21:09.537-03:00&amp#27;[0;39m &amp#27;[32mDEBUG&amp#27;[0;39m &amp#27;[35m19392&amp#27;[0;39m &amp#27;[2m--- [           main] &amp#27;[0;39m&amp#27;[36morg.hibernate.type.BasicTypeRegistry    &amp#27;[0;39m &amp#27;[2m:&amp#27;[0;39m Adding type registration imm_serializable -> org.hibernate.type.BasicTypeReference@48cdb156
&amp#27;[2m2024-12-07T10:21:09.984-03:00&amp#27;[0;39m &amp#27;[32m INFO&amp#27;[0;39m &amp#27;[35m19392&amp#27;[0;39m &amp#27;[2m--- [           main] &amp#27;[0;39m&amp#27;[36mo.s.o.j.p.SpringPersistenceUnitInfo     &amp#27;[0;39m &amp#27;[2m:&amp#27;[0;39m No LoadTimeWeaver setup: ignoring JPA class transformer
&amp#27;[2m2024-12-07T10:21:10.071-03:00&amp#27;[0;39m &amp#27;[32m INFO&amp#27;[0;39m &amp#27;[35m19392&amp#27;[0;39m &amp#27;[2m--- [           main] &amp#27;[0;39m&amp#27;[36mcom.zaxxer.hikari.HikariDataSource      &amp#27;[0;39m &amp#27;[2m:&amp#27;[0;39m HikariPool-1 - Starting...
&amp#27;[2m2024-12-07T10:21:10.350-03:00&amp#27;[0;39m &amp#27;[32m INFO&amp#27;[0;39m &amp#27;[35m19392&amp#27;[0;39m &amp#27;[2m--- [           main] &amp#27;[0;39m&amp#27;[36mcom.zaxxer.hikari.pool.HikariPool       &amp#27;[0;39m &amp#27;[2m:&amp#27;[0;39m HikariPool-1 - Added connection org.postgresql.jdbc.PgConnection@48277712
&amp#27;[2m2024-12-07T10:21:10.353-03:00&amp#27;[0;39m &amp#27;[32m INFO&amp#27;[0;39m &amp#27;[35m19392&amp#27;[0;39m &amp#27;[2m--- [           main] &amp#27;[0;39m&amp#27;[36mcom.zaxxer.hikari.HikariDataSource      &amp#27;[0;39m &amp#27;[2m:&amp#27;[0;39m HikariPool-1 - Start completed.
&amp#27;[2m2024-12-07T10:21:10.487-03:00&amp#27;[0;39m &amp#27;[33m WARN&amp#27;[0;39m &amp#27;[35m19392&amp#27;[0;39m &amp#27;[2m--- [           main] &amp#27;[0;39m&amp#27;[36morg.hibernate.orm.deprecation           &amp#27;[0;39m &amp#27;[2m:&amp#27;[0;39m HHH90000025: PostgreSQLDialect does not need to be specified explicitly using 'hibernate.dialect' (remove the property setting and it will be selected by default)
&amp#27;[2m2024-12-07T10:21:10.527-03:00&amp#27;[0;39m &amp#27;[32m INFO&amp#27;[0;39m &amp#27;[35m19392&amp#27;[0;39m &amp#27;[2m--- [           main] &amp#27;[0;39m&amp#27;[36morg.hibernate.orm.connections.pooling   &amp#27;[0;39m &amp#27;[2m:&amp#27;[0;39m HHH10001005: Database info:
	Database JDBC URL [Connecting through datasource 'HikariDataSource (HikariPool-1)']
	Database driver: undefined/unknown
	Database version: 16.1
	Autocommit mode: undefined/unknown
	Isolation level: undefined/unknown
	Minimum pool size: undefined/unknown
	Maximum pool size: undefined/unknown
&amp#27;[2m2024-12-07T10:21:10.553-03:00&amp#27;[0;39m &amp#27;[32mDEBUG&amp#27;[0;39m &amp#27;[35m19392&amp#27;[0;39m &amp#27;[2m--- [           main] &amp#27;[0;39m&amp#27;[36mo.h.t.d.sql.spi.DdlTypeRegistry         &amp#27;[0;39m &amp#27;[2m:&amp#27;[0;39m addDescriptor(2003, org.hibernate.type.descriptor.sql.internal.ArrayDdlTypeImpl@9f2376f) replaced previous registration(org.hibernate.type.descriptor.sql.internal.ArrayDdlTypeImpl@173b1af1)
&amp#27;[2m2024-12-07T10:21:10.553-03:00&amp#27;[0;39m &amp#27;[32mDEBUG&amp#27;[0;39m &amp#27;[35m19392&amp#27;[0;39m &amp#27;[2m--- [           main] &amp#27;[0;39m&amp#27;[36mo.h.t.d.sql.spi.DdlTypeRegistry         &amp#27;[0;39m &amp#27;[2m:&amp#27;[0;39m addDescriptor(6, org.hibernate.type.descriptor.sql.internal.CapacityDependentDdlType@4a520f05) replaced previous registration(org.hibernate.type.descriptor.sql.internal.DdlTypeImpl@389a1e34)
&amp#27;[2m2024-12-07T10:21:10.557-03:00&amp#27;[0;39m &amp#27;[32mDEBUG&amp#27;[0;39m &amp#27;[35m19392&amp#27;[0;39m &amp#27;[2m--- [           main] &amp#27;[0;39m&amp#27;[36mo.h.t.d.jdbc.spi.JdbcTypeRegistry       &amp#27;[0;39m &amp#27;[2m:&amp#27;[0;39m addDescriptor(2004, BlobTypeDescriptor(BLOB_BINDING)) replaced previous registration(BlobTypeDescriptor(DEFAULT))
&amp#27;[2m2024-12-07T10:21:10.557-03:00&amp#27;[0;39m &amp#27;[32mDEBUG&amp#27;[0;39m &amp#27;[35m19392&amp#27;[0;39m &amp#27;[2m--- [           main] &amp#27;[0;39m&amp#27;[36mo.h.t.d.jdbc.spi.JdbcTypeRegistry       &amp#27;[0;39m &amp#27;[2m:&amp#27;[0;39m addDescriptor(2005, ClobTypeDescriptor(CLOB_BINDING)) replaced previous registration(ClobTypeDescriptor(DEFAULT))
&amp#27;[2m2024-12-07T10:21:10.570-03:00&amp#27;[0;39m &amp#27;[32mDEBUG&amp#27;[0;39m &amp#27;[35m19392&amp#27;[0;39m &amp#27;[2m--- [           main] &amp#27;[0;39m&amp#27;[36morg.hibernate.type.BasicTypeRegistry    &amp#27;[0;39m &amp#27;[2m:&amp#27;[0;39m Adding type registration JAVA_OBJECT -> org.hibernate.type.JavaObjectType@1884e671
&amp#27;[2m2024-12-07T10:21:10.570-03:00&amp#27;[0;39m &amp#27;[32mDEBUG&amp#27;[0;39m &amp#27;[35m19392&amp#27;[0;39m &amp#27;[2m--- [           main] &amp#27;[0;39m&amp#27;[36morg.hibernate.type.BasicTypeRegistry    &amp#27;[0;39m &amp#27;[2m:&amp#27;[0;39m Adding type registration java.lang.Object -> org.hibernate.type.JavaObjectType@1884e671
&amp#27;[2m2024-12-07T10:21:10.570-03:00&amp#27;[0;39m &amp#27;[32mDEBUG&amp#27;[0;39m &amp#27;[35m19392&amp#27;[0;39m &amp#27;[2m--- [           main] &amp#27;[0;39m&amp#27;[36morg.hibernate.type.BasicTypeRegistry    &amp#27;[0;39m &amp#27;[2m:&amp#27;[0;39m Type registration key [java.lang.Object] overrode previous entry : `org.hibernate.type.JavaObjectType@dada335`
&amp#27;[2m2024-12-07T10:21:10.576-03:00&amp#27;[0;39m &amp#27;[32mDEBUG&amp#27;[0;39m &amp#27;[35m19392&amp#27;[0;39m &amp#27;[2m--- [           main] &amp#27;[0;39m&amp#27;[36morg.hibernate.type.BasicTypeRegistry    &amp#27;[0;39m &amp#27;[2m:&amp#27;[0;39m Adding type registration org.hibernate.type.DurationType -> basicType@1(java.time.Duration,3015)
&amp#27;[2m2024-12-07T10:21:10.577-03:00&amp#27;[0;39m &amp#27;[32mDEBUG&amp#27;[0;39m &amp#27;[35m19392&amp#27;[0;39m &amp#27;[2m--- [           main] &amp#27;[0;39m&amp#27;[36morg.hibernate.type.BasicTypeRegistry    &amp#27;[0;39m &amp#27;[2m:&amp#27;[0;39m Adding type registration Duration -> basicType@1(java.time.Duration,3015)
&amp#27;[2m2024-12-07T10:21:10.577-03:00&amp#27;[0;39m &amp#27;[32mDEBUG&amp#27;[0;39m &amp#27;[35m19392&amp#27;[0;39m &amp#27;[2m--- [           main] &amp#27;[0;39m&amp#27;[36morg.hibernate.type.BasicTypeRegistry    &amp#27;[0;39m &amp#27;[2m:&amp#27;[0;39m Adding type registration java.time.Duration -> basicType@1(java.time.Duration,3015)
&amp#27;[2m2024-12-07T10:21:10.581-03:00&amp#27;[0;39m &amp#27;[32mDEBUG&amp#27;[0;39m &amp#27;[35m19392&amp#27;[0;39m &amp#27;[2m--- [           main] &amp#27;[0;39m&amp#27;[36morg.hibernate.type.BasicTypeRegistry    &amp#27;[0;39m &amp#27;[2m:&amp#27;[0;39m Adding type registration org.hibernate.type.OffsetDateTimeType -> basicType@2(java.time.OffsetDateTime,3003)
&amp#27;[2m2024-12-07T10:21:10.582-03:00&amp#27;[0;39m &amp#27;[32mDEBUG&amp#27;[0;39m &amp#27;[35m19392&amp#27;[0;39m &amp#27;[2m--- [           main] &amp#27;[0;39m&amp#27;[36morg.hibernate.type.BasicTypeRegistry    &amp#27;[0;39m &amp#27;[2m:&amp#27;[0;39m Adding type registration OffsetDateTime -> basicType@2(java.time.OffsetDateTime,3003)
&amp#27;[2m2024-12-07T10:21:10.582-03:00&amp#27;[0;39m &amp#27;[32mDEBUG&amp#27;[0;39m &amp#27;[35m19392&amp#27;[0;39m &amp#27;[2m--- [           main] &amp#27;[0;39m&amp#27;[36morg.hibernate.type.BasicTypeRegistry    &amp#27;[0;39m &amp#27;[2m:&amp#27;[0;39m Adding type registration java.time.OffsetDateTime -> basicType@2(java.time.OffsetDateTime,3003)
&amp#27;[2m2024-12-07T10:21:10.582-03:00&amp#27;[0;39m &amp#27;[32mDEBUG&amp#27;[0;39m &amp#27;[35m19392&amp#27;[0;39m &amp#27;[2m--- [           main] &amp#27;[0;39m&amp#27;[36morg.hibernate.type.BasicTypeRegistry    &amp#27;[0;39m &amp#27;[2m:&amp#27;[0;39m Adding type registration org.hibernate.type.ZonedDateTimeType -> basicType@3(java.time.ZonedDateTime,3003)
&amp#27;[2m2024-12-07T10:21:10.582-03:00&amp#27;[0;39m &amp#27;[32mDEBUG&amp#27;[0;39m &amp#27;[35m19392&amp#27;[0;39m &amp#27;[2m--- [           main] &amp#27;[0;39m&amp#27;[36morg.hibernate.type.BasicTypeRegistry    &amp#27;[0;39m &amp#27;[2m:&amp#27;[0;39m Adding type registration ZonedDateTime -> basicType@3(java.time.ZonedDateTime,3003)
&amp#27;[2m2024-12-07T10:21:10.582-03:00&amp#27;[0;39m &amp#27;[32mDEBUG&amp#27;[0;39m &amp#27;[35m19392&amp#27;[0;39m &amp#27;[2m--- [           main] &amp#27;[0;39m&amp#27;[36morg.hibernate.type.BasicTypeRegistry    &amp#27;[0;39m &amp#27;[2m:&amp#27;[0;39m Adding type registration java.time.ZonedDateTime -> basicType@3(java.time.ZonedDateTime,3003)
&amp#27;[2m2024-12-07T10:21:10.583-03:00&amp#27;[0;39m &amp#27;[32mDEBUG&amp#27;[0;39m &amp#27;[35m19392&amp#27;[0;39m &amp#27;[2m--- [           main] &amp#27;[0;39m&amp#27;[36morg.hibernate.type.BasicTypeRegistry    &amp#27;[0;39m &amp#27;[2m:&amp#27;[0;39m Adding type registration org.hibernate.type.OffsetTimeType -> basicType@4(java.time.OffsetTime,3007)
&amp#27;[2m2024-12-07T10:21:10.583-03:00&amp#27;[0;39m &amp#27;[32mDEBUG&amp#27;[0;39m &amp#27;[35m19392&amp#27;[0;39m &amp#27;[2m--- [           main] &amp#27;[0;39m&amp#27;[36morg.hibernate.type.BasicTypeRegistry    &amp#27;[0;39m &amp#27;[2m:&amp#27;[0;39m Adding type registration OffsetTime -> basicType@4(java.time.OffsetTime,3007)
&amp#27;[2m2024-12-07T10:21:10.583-03:00&amp#27;[0;39m &amp#27;[32mDEBUG&amp#27;[0;39m &amp#27;[35m19392&amp#27;[0;39m &amp#27;[2m--- [           main] &amp#27;[0;39m&amp#27;[36morg.hibernate.type.BasicTypeRegistry    &amp#27;[0;39m &amp#27;[2m:&amp#27;[0;39m Adding type registration java.time.OffsetTime -> basicType@4(java.time.OffsetTime,3007)
&amp#27;[2m2024-12-07T10:21:10.585-03:00&amp#27;[0;39m &amp#27;[32mDEBUG&amp#27;[0;39m &amp#27;[35m19392&amp#27;[0;39m &amp#27;[2m--- [           main] &amp#27;[0;39m&amp#27;[36mo.h.type.spi.TypeConfiguration$Scope    &amp#27;[0;39m &amp#27;[2m:&amp#27;[0;39m Scoping TypeConfiguration [org.hibernate.type.spi.TypeConfiguration@2e85e3f1] to MetadataBuildingContext [org.hibernate.boot.internal.MetadataBuildingContextRootImpl@195498aa]
&amp#27;[2m2024-12-07T10:21:11.891-03:00&amp#27;[0;39m &amp#27;[32m INFO&amp#27;[0;39m &amp#27;[35m19392&amp#27;[0;39m &amp#27;[2m--- [           main] &amp#27;[0;39m&amp#27;[36mo.h.e.t.j.p.i.JtaPlatformInitiator      &amp#27;[0;39m &amp#27;[2m:&amp#27;[0;39m HHH000489: No JTA platform available (set 'hibernate.transaction.jta.platform' to enable JTA platform integration)
&amp#27;[2m2024-12-07T10:21:11.892-03:00&amp#27;[0;39m &amp#27;[32mDEBUG&amp#27;[0;39m &amp#27;[35m19392&amp#27;[0;39m &amp#27;[2m--- [           main] &amp#27;[0;39m&amp#27;[36mo.h.type.spi.TypeConfiguration$Scope    &amp#27;[0;39m &amp#27;[2m:&amp#27;[0;39m Scoping TypeConfiguration [org.hibernate.type.spi.TypeConfiguration@2e85e3f1] to SessionFactoryImplementor [org.hibernate.internal.SessionFactoryImpl@54a5799f]
Hibernate: create table tb_model (id integer not null, cpf varchar(255), email varchar(255), nome varchar(255), telefone varchar(255), primary key (id))
Hibernate: create sequence tb_model_seq start with 1 increment by 50
&amp#27;[2m2024-12-07T10:21:12.090-03:00&amp#27;[0;39m &amp#27;[32mTRACE&amp#27;[0;39m &amp#27;[35m19392&amp#27;[0;39m &amp#27;[2m--- [           main] &amp#27;[0;39m&amp#27;[36mo.h.type.spi.TypeConfiguration$Scope    &amp#27;[0;39m &amp#27;[2m:&amp#27;[0;39m Handling #sessionFactoryCreated from [org.hibernate.internal.SessionFactoryImpl@54a5799f] for TypeConfiguration
&amp#27;[2m2024-12-07T10:21:12.091-03:00&amp#27;[0;39m &amp#27;[32m INFO&amp#27;[0;39m &amp#27;[35m19392&amp#27;[0;39m &amp#27;[2m--- [           main] &amp#27;[0;39m&amp#27;[36mj.LocalContainerEntityManagerFactoryBean&amp#27;[0;39m &amp#27;[2m:&amp#27;[0;39m Initialized JPA EntityManagerFactory for persistence unit 'default'
&amp#27;[2m2024-12-07T10:21:14.768-03:00&amp#27;[0;39m &amp#27;[32m INFO&amp#27;[0;39m &amp#27;[35m19392&amp#27;[0;39m &amp#27;[2m--- [           main] &amp#27;[0;39m&amp#27;[36mc.senac.ads4.user.UserApplicationTests  &amp#27;[0;39m &amp#27;[2m:&amp#27;[0;39m Started UserApplicationTests in 9.331 seconds (process running for 12.016)
]]></system-out>
    <system-err><![CDATA[Mockito is currently self-attaching to enable the inline-mock-maker. This will no longer work in future releases of the JDK. Please add Mockito as an agent to your build what is described in Mockito's documentation: https://javadoc.io/doc/org.mockito/mockito-core/latest/org/mockito/Mockito.html#0.3
WARNING: A Java agent has been loaded dynamically (C:\Users\Guilhermy Rodrigues\.m2\repository\net\bytebuddy\byte-buddy-agent\1.15.10\byte-buddy-agent-1.15.10.jar)
WARNING: If a serviceability tool is in use, please run with -XX:+EnableDynamicAgentLoading to hide this warning
WARNING: If a serviceability tool is not in use, please run with -Djdk.instrument.traceUsage for more information
WARNING: Dynamic loading of agents will be disallowed by default in a future release
]]></system-err>
  </testcase>
</testsuite>